-- The C compiler identification is GNU 9.4.0
-- The CXX compiler identification is GNU 9.4.0
-- Check for working C compiler: /usr/bin/cc
-- Check for working C compiler: /usr/bin/cc -- works
-- Detecting C compiler ABI info
-- Detecting C compiler ABI info - done
-- Detecting C compile features
-- Detecting C compile features - done
-- Check for working CXX compiler: /usr/bin/c++
-- Check for working CXX compiler: /usr/bin/c++ -- works
-- Detecting CXX compiler ABI info
-- Detecting CXX compiler ABI info - done
-- Detecting CXX compile features
-- Detecting CXX compile features - done
-- Found ament_cmake: 0.9.11 (/opt/ros/foxy/share/ament_cmake/cmake)
-- Found PythonInterp: /usr/bin/python3 (found suitable version "3.8.10", minimum required is "3") 
-- Using PYTHON_EXECUTABLE: /usr/bin/python3
-- Found std_msgs: 2.0.5 (/opt/ros/foxy/share/std_msgs/cmake)
-- Using all available rosidl_typesupport_c: rosidl_typesupport_fastrtps_c;rosidl_typesupport_introspection_c
-- Found rosidl_adapter: 1.3.0 (/opt/ros/foxy/share/rosidl_adapter/cmake)
-- Found OpenSSL: /usr/lib/x86_64-linux-gnu/libcrypto.so (found version "1.1.1f")  
-- Found FastRTPS: /opt/ros/foxy/include  
-- Using all available rosidl_typesupport_cpp: rosidl_typesupport_fastrtps_cpp;rosidl_typesupport_introspection_cpp
-- Found rclpy: 1.0.12 (/opt/ros/foxy/share/rclpy/cmake)
-- Found rclcpp: 2.4.2 (/opt/ros/foxy/share/rclcpp/cmake)
-- Found rmw_implementation_cmake: 1.0.4 (/opt/ros/foxy/share/rmw_implementation_cmake/cmake)
-- Using RMW implementation 'rmw_fastrtps_cpp' as default
-- Looking for pthread.h
-- Looking for pthread.h - found
-- Performing Test CMAKE_HAVE_LIBC_PTHREAD
-- Performing Test CMAKE_HAVE_LIBC_PTHREAD - Failed
-- Looking for pthread_create in pthreads
-- Looking for pthread_create in pthreads - not found
-- Looking for pthread_create in pthread
-- Looking for pthread_create in pthread - found
-- Found Threads: TRUE  
-- Found tf2: 0.13.14 (/opt/ros/foxy/share/tf2/cmake)
-- Found xacro: 2.0.7 (/opt/ros/foxy/share/xacro/cmake)
-- Found rosidl_default_generators: 1.0.1 (/opt/ros/foxy/share/rosidl_default_generators/cmake)
-- Found vehicle_msg: 0.0.0 (/home/arya/ros2_ws/src/hw4_ws/install/vehicle_msg/share/vehicle_msg/cmake)
-- Found ament_lint_auto: 0.9.8 (/opt/ros/foxy/share/ament_lint_auto/cmake)
-- Added test 'copyright' to check source files copyright and LICENSE
-- Added test 'cppcheck' to perform static code analysis on C / C++ code
-- Configured cppcheck include dirs: $<BUILD_INTERFACE:/home/arya/ros2_ws/src/hw4_ws/src/vehiclemodel/include>
-- Configured cppcheck exclude dirs and/or files: 
-- Added test 'cpplint' to check C / C++ code against the Google style
-- Configured cpplint exclude dirs and/or files: 
-- Added test 'flake8' to check Python code syntax and style conventions
-- Added test 'lint_cmake' to check CMake code style
-- Added test 'pep257' to check Python code against some of the style conventions in PEP 257
-- Added test 'uncrustify' to check C / C++ code style
-- Configured uncrustify additional arguments: 
-- Added test 'xmllint' to check XML markup files
-- Configuring done
-- Generating done
-- Build files have been written to: /home/arya/ros2_ws/src/hw4_ws/build/vehiclemodel
[35m[1mScanning dependencies of target vehicleModel[0m
[ 50%] [32mBuilding CXX object CMakeFiles/vehicleModel.dir/src/vehicleModel.cpp.o[0m
[100%] [32m[1mLinking CXX executable vehicleModel[0m
[100%] Built target vehicleModel
-- Install configuration: ""
-- Installing: /home/arya/ros2_ws/src/hw4_ws/install/vehiclemodel/lib/vehiclemodel/vehicleModel
-- Set runtime path of "/home/arya/ros2_ws/src/hw4_ws/install/vehiclemodel/lib/vehiclemodel/vehicleModel" to ""
-- Installing: /home/arya/ros2_ws/src/hw4_ws/install/vehiclemodel/share/vehiclemodel/launch
-- Installing: /home/arya/ros2_ws/src/hw4_ws/install/vehiclemodel/share/vehiclemodel/launch/display.launch.py
-- Installing: /home/arya/ros2_ws/src/hw4_ws/install/vehiclemodel/share/vehiclemodel/rviz2
-- Installing: /home/arya/ros2_ws/src/hw4_ws/install/vehiclemodel/share/vehiclemodel/rviz2/ros2.rviz
-- Installing: /home/arya/ros2_ws/src/hw4_ws/install/vehiclemodel/share/vehiclemodel/rviz2/ros1.rviz
-- Installing: /home/arya/ros2_ws/src/hw4_ws/install/vehiclemodel/share/vehiclemodel/src
-- Installing: /home/arya/ros2_ws/src/hw4_ws/install/vehiclemodel/share/vehiclemodel/src/vehicleModel.cpp
-- Installing: /home/arya/ros2_ws/src/hw4_ws/install/vehiclemodel/share/vehiclemodel/scripts
-- Installing: /home/arya/ros2_ws/src/hw4_ws/install/vehiclemodel/share/vehiclemodel/scripts/utils.py
-- Installing: /home/arya/ros2_ws/src/hw4_ws/install/vehiclemodel/share/vehiclemodel/urdf
-- Installing: /home/arya/ros2_ws/src/hw4_ws/install/vehiclemodel/share/vehiclemodel/urdf/racecar.urdf.xacro
-- Installing: /home/arya/ros2_ws/src/hw4_ws/install/vehiclemodel/share/vehiclemodel/environment/pythonpath.sh
-- Installing: /home/arya/ros2_ws/src/hw4_ws/install/vehiclemodel/share/vehiclemodel/environment/pythonpath.dsv
-- Installing: /home/arya/ros2_ws/src/hw4_ws/install/vehiclemodel/lib/python3.8/site-packages/vehiclemodel
-- Installing: /home/arya/ros2_ws/src/hw4_ws/install/vehiclemodel/lib/python3.8/site-packages/vehiclemodel/__init__.py
-- Installing: /home/arya/ros2_ws/src/hw4_ws/install/vehiclemodel/lib/python3.8/site-packages/vehiclemodel/module_to_import.py
Listing '/home/arya/ros2_ws/src/hw4_ws/install/vehiclemodel/lib/python3.8/site-packages/vehiclemodel'...
Compiling '/home/arya/ros2_ws/src/hw4_ws/install/vehiclemodel/lib/python3.8/site-packages/vehiclemodel/__init__.py'...
Compiling '/home/arya/ros2_ws/src/hw4_ws/install/vehiclemodel/lib/python3.8/site-packages/vehiclemodel/module_to_import.py'...
-- Installing: /home/arya/ros2_ws/src/hw4_ws/install/vehiclemodel/lib/vehiclemodel/utils.py
-- Installing: /home/arya/ros2_ws/src/hw4_ws/install/vehiclemodel/share/ament_index/resource_index/package_run_dependencies/vehiclemodel
-- Installing: /home/arya/ros2_ws/src/hw4_ws/install/vehiclemodel/share/ament_index/resource_index/parent_prefix_path/vehiclemodel
-- Installing: /home/arya/ros2_ws/src/hw4_ws/install/vehiclemodel/share/vehiclemodel/environment/ament_prefix_path.sh
-- Installing: /home/arya/ros2_ws/src/hw4_ws/install/vehiclemodel/share/vehiclemodel/environment/ament_prefix_path.dsv
-- Installing: /home/arya/ros2_ws/src/hw4_ws/install/vehiclemodel/share/vehiclemodel/environment/path.sh
-- Installing: /home/arya/ros2_ws/src/hw4_ws/install/vehiclemodel/share/vehiclemodel/environment/path.dsv
-- Installing: /home/arya/ros2_ws/src/hw4_ws/install/vehiclemodel/share/vehiclemodel/local_setup.bash
-- Installing: /home/arya/ros2_ws/src/hw4_ws/install/vehiclemodel/share/vehiclemodel/local_setup.sh
-- Installing: /home/arya/ros2_ws/src/hw4_ws/install/vehiclemodel/share/vehiclemodel/local_setup.zsh
-- Installing: /home/arya/ros2_ws/src/hw4_ws/install/vehiclemodel/share/vehiclemodel/local_setup.dsv
-- Installing: /home/arya/ros2_ws/src/hw4_ws/install/vehiclemodel/share/vehiclemodel/package.dsv
-- Installing: /home/arya/ros2_ws/src/hw4_ws/install/vehiclemodel/share/ament_index/resource_index/packages/vehiclemodel
-- Installing: /home/arya/ros2_ws/src/hw4_ws/install/vehiclemodel/share/vehiclemodel/cmake/vehiclemodelConfig.cmake
-- Installing: /home/arya/ros2_ws/src/hw4_ws/install/vehiclemodel/share/vehiclemodel/cmake/vehiclemodelConfig-version.cmake
-- Installing: /home/arya/ros2_ws/src/hw4_ws/install/vehiclemodel/share/vehiclemodel/package.xml
