[0.006s] Invoking command in '/home/arya/ros2_ws/src/hw4_ws/build/vehiclemodel': AMENT_PREFIX_PATH=/home/arya/ros2_ws/src/hw4_ws/install/vehicle_msg:${AMENT_PREFIX_PATH} CMAKE_PREFIX_PATH=/home/arya/ros2_ws/src/hw4_ws/install/vehicle_msg:/opt/ros/foxy LD_LIBRARY_PATH=/home/arya/ros2_ws/src/hw4_ws/install/vehicle_msg/lib:${LD_LIBRARY_PATH} PYTHONPATH=/home/arya/ros2_ws/src/hw4_ws/install/vehicle_msg/lib/python3.8/site-packages:${PYTHONPATH} /usr/bin/cmake /home/arya/ros2_ws/src/hw4_ws/src/vehiclemodel -DCMAKE_INSTALL_PREFIX=/home/arya/ros2_ws/src/hw4_ws/install/vehiclemodel
[0.043s] -- The C compiler identification is GNU 9.4.0
[0.075s] -- The CXX compiler identification is GNU 9.4.0
[0.078s] -- Check for working C compiler: /usr/bin/cc
[0.124s] -- Check for working C compiler: /usr/bin/cc -- works
[0.124s] -- Detecting C compiler ABI info
[0.171s] -- Detecting C compiler ABI info - done
[0.179s] -- Detecting C compile features
[0.179s] -- Detecting C compile features - done
[0.180s] -- Check for working CXX compiler: /usr/bin/c++
[0.243s] -- Check for working CXX compiler: /usr/bin/c++ -- works
[0.243s] -- Detecting CXX compiler ABI info
[0.291s] -- Detecting CXX compiler ABI info - done
[0.298s] -- Detecting CXX compile features
[0.298s] -- Detecting CXX compile features - done
[0.299s] -- Found ament_cmake: 0.9.11 (/opt/ros/foxy/share/ament_cmake/cmake)
[0.319s] -- Found PythonInterp: /usr/bin/python3 (found suitable version "3.8.10", minimum required is "3") 
[0.319s] -- Using PYTHON_EXECUTABLE: /usr/bin/python3
[0.441s] -- Found std_msgs: 2.0.5 (/opt/ros/foxy/share/std_msgs/cmake)
[0.458s] -- Using all available rosidl_typesupport_c: rosidl_typesupport_fastrtps_c;rosidl_typesupport_introspection_c
[0.463s] -- Found rosidl_adapter: 1.3.0 (/opt/ros/foxy/share/rosidl_adapter/cmake)
[0.508s] -- Found OpenSSL: /usr/lib/x86_64-linux-gnu/libcrypto.so (found version "1.1.1f")  
[0.526s] -- Found FastRTPS: /opt/ros/foxy/include  
[0.573s] -- Using all available rosidl_typesupport_cpp: rosidl_typesupport_fastrtps_cpp;rosidl_typesupport_introspection_cpp
[0.600s] -- Found rclpy: 1.0.12 (/opt/ros/foxy/share/rclpy/cmake)
[0.600s] -- Found rclcpp: 2.4.2 (/opt/ros/foxy/share/rclcpp/cmake)
[0.627s] -- Found rmw_implementation_cmake: 1.0.4 (/opt/ros/foxy/share/rmw_implementation_cmake/cmake)
[0.628s] -- Using RMW implementation 'rmw_fastrtps_cpp' as default
[0.628s] -- Looking for pthread.h
[0.682s] -- Looking for pthread.h - found
[0.682s] -- Performing Test CMAKE_HAVE_LIBC_PTHREAD
[0.739s] -- Performing Test CMAKE_HAVE_LIBC_PTHREAD - Failed
[0.739s] -- Looking for pthread_create in pthreads
[0.796s] -- Looking for pthread_create in pthreads - not found
[0.796s] -- Looking for pthread_create in pthread
[0.870s] -- Looking for pthread_create in pthread - found
[0.871s] -- Found Threads: TRUE  
[0.962s] -- Found tf2: 0.13.14 (/opt/ros/foxy/share/tf2/cmake)
[0.990s] -- Found xacro: 2.0.7 (/opt/ros/foxy/share/xacro/cmake)
[0.991s] -- Found rosidl_default_generators: 1.0.1 (/opt/ros/foxy/share/rosidl_default_generators/cmake)
[0.998s] -- Found vehicle_msg: 0.0.0 (/home/arya/ros2_ws/src/hw4_ws/install/vehicle_msg/share/vehicle_msg/cmake)
[1.020s] -- Found ament_lint_auto: 0.9.8 (/opt/ros/foxy/share/ament_lint_auto/cmake)
[1.066s] -- Added test 'copyright' to check source files copyright and LICENSE
[1.067s] -- Added test 'cppcheck' to perform static code analysis on C / C++ code
[1.067s] -- Configured cppcheck include dirs: $<BUILD_INTERFACE:/home/arya/ros2_ws/src/hw4_ws/src/vehiclemodel/include>
[1.067s] -- Configured cppcheck exclude dirs and/or files: 
[1.068s] -- Added test 'cpplint' to check C / C++ code against the Google style
[1.068s] -- Configured cpplint exclude dirs and/or files: 
[1.068s] -- Added test 'flake8' to check Python code syntax and style conventions
[1.068s] -- Added test 'lint_cmake' to check CMake code style
[1.068s] -- Added test 'pep257' to check Python code against some of the style conventions in PEP 257
[1.069s] -- Added test 'uncrustify' to check C / C++ code style
[1.069s] -- Configured uncrustify additional arguments: 
[1.069s] -- Added test 'xmllint' to check XML markup files
[1.071s] -- Configuring done
[1.075s] -- Generating done
[1.076s] -- Build files have been written to: /home/arya/ros2_ws/src/hw4_ws/build/vehiclemodel
[1.082s] Invoked command in '/home/arya/ros2_ws/src/hw4_ws/build/vehiclemodel' returned '0': AMENT_PREFIX_PATH=/home/arya/ros2_ws/src/hw4_ws/install/vehicle_msg:${AMENT_PREFIX_PATH} CMAKE_PREFIX_PATH=/home/arya/ros2_ws/src/hw4_ws/install/vehicle_msg:/opt/ros/foxy LD_LIBRARY_PATH=/home/arya/ros2_ws/src/hw4_ws/install/vehicle_msg/lib:${LD_LIBRARY_PATH} PYTHONPATH=/home/arya/ros2_ws/src/hw4_ws/install/vehicle_msg/lib/python3.8/site-packages:${PYTHONPATH} /usr/bin/cmake /home/arya/ros2_ws/src/hw4_ws/src/vehiclemodel -DCMAKE_INSTALL_PREFIX=/home/arya/ros2_ws/src/hw4_ws/install/vehiclemodel
[1.084s] Invoking command in '/home/arya/ros2_ws/src/hw4_ws/build/vehiclemodel': AMENT_PREFIX_PATH=/home/arya/ros2_ws/src/hw4_ws/install/vehicle_msg:${AMENT_PREFIX_PATH} CMAKE_PREFIX_PATH=/home/arya/ros2_ws/src/hw4_ws/install/vehicle_msg:/opt/ros/foxy LD_LIBRARY_PATH=/home/arya/ros2_ws/src/hw4_ws/install/vehicle_msg/lib:${LD_LIBRARY_PATH} PYTHONPATH=/home/arya/ros2_ws/src/hw4_ws/install/vehicle_msg/lib/python3.8/site-packages:${PYTHONPATH} /usr/bin/cmake --build /home/arya/ros2_ws/src/hw4_ws/build/vehiclemodel -- -j8 -l8
[1.110s] [35m[1mScanning dependencies of target vehicleModel[0m
[1.119s] [ 50%] [32mBuilding CXX object CMakeFiles/vehicleModel.dir/src/vehicleModel.cpp.o[0m
[1.140s] [100%] [32m[1mLinking CXX executable vehicleModel[0m
[1.178s] [100%] Built target vehicleModel
[1.187s] Invoked command in '/home/arya/ros2_ws/src/hw4_ws/build/vehiclemodel' returned '0': AMENT_PREFIX_PATH=/home/arya/ros2_ws/src/hw4_ws/install/vehicle_msg:${AMENT_PREFIX_PATH} CMAKE_PREFIX_PATH=/home/arya/ros2_ws/src/hw4_ws/install/vehicle_msg:/opt/ros/foxy LD_LIBRARY_PATH=/home/arya/ros2_ws/src/hw4_ws/install/vehicle_msg/lib:${LD_LIBRARY_PATH} PYTHONPATH=/home/arya/ros2_ws/src/hw4_ws/install/vehicle_msg/lib/python3.8/site-packages:${PYTHONPATH} /usr/bin/cmake --build /home/arya/ros2_ws/src/hw4_ws/build/vehiclemodel -- -j8 -l8
[1.211s] Invoking command in '/home/arya/ros2_ws/src/hw4_ws/build/vehiclemodel': AMENT_PREFIX_PATH=/home/arya/ros2_ws/src/hw4_ws/install/vehicle_msg:${AMENT_PREFIX_PATH} CMAKE_PREFIX_PATH=/home/arya/ros2_ws/src/hw4_ws/install/vehicle_msg:/opt/ros/foxy LD_LIBRARY_PATH=/home/arya/ros2_ws/src/hw4_ws/install/vehicle_msg/lib:${LD_LIBRARY_PATH} PYTHONPATH=/home/arya/ros2_ws/src/hw4_ws/install/vehicle_msg/lib/python3.8/site-packages:${PYTHONPATH} /usr/bin/cmake --install /home/arya/ros2_ws/src/hw4_ws/build/vehiclemodel
[1.220s] -- Install configuration: ""
[1.220s] -- Installing: /home/arya/ros2_ws/src/hw4_ws/install/vehiclemodel/lib/vehiclemodel/vehicleModel
[1.221s] -- Set runtime path of "/home/arya/ros2_ws/src/hw4_ws/install/vehiclemodel/lib/vehiclemodel/vehicleModel" to ""
[1.221s] -- Installing: /home/arya/ros2_ws/src/hw4_ws/install/vehiclemodel/share/vehiclemodel/launch
[1.221s] -- Installing: /home/arya/ros2_ws/src/hw4_ws/install/vehiclemodel/share/vehiclemodel/launch/display.launch.py
[1.221s] -- Installing: /home/arya/ros2_ws/src/hw4_ws/install/vehiclemodel/share/vehiclemodel/rviz2
[1.221s] -- Installing: /home/arya/ros2_ws/src/hw4_ws/install/vehiclemodel/share/vehiclemodel/rviz2/ros2.rviz
[1.221s] -- Installing: /home/arya/ros2_ws/src/hw4_ws/install/vehiclemodel/share/vehiclemodel/rviz2/ros1.rviz
[1.221s] -- Installing: /home/arya/ros2_ws/src/hw4_ws/install/vehiclemodel/share/vehiclemodel/src
[1.221s] -- Installing: /home/arya/ros2_ws/src/hw4_ws/install/vehiclemodel/share/vehiclemodel/src/vehicleModel.cpp
[1.221s] -- Installing: /home/arya/ros2_ws/src/hw4_ws/install/vehiclemodel/share/vehiclemodel/scripts
[1.221s] -- Installing: /home/arya/ros2_ws/src/hw4_ws/install/vehiclemodel/share/vehiclemodel/scripts/utils.py
[1.221s] -- Installing: /home/arya/ros2_ws/src/hw4_ws/install/vehiclemodel/share/vehiclemodel/urdf
[1.221s] -- Installing: /home/arya/ros2_ws/src/hw4_ws/install/vehiclemodel/share/vehiclemodel/urdf/racecar.urdf.xacro
[1.221s] -- Installing: /home/arya/ros2_ws/src/hw4_ws/install/vehiclemodel/share/vehiclemodel/environment/pythonpath.sh
[1.221s] -- Installing: /home/arya/ros2_ws/src/hw4_ws/install/vehiclemodel/share/vehiclemodel/environment/pythonpath.dsv
[1.221s] -- Installing: /home/arya/ros2_ws/src/hw4_ws/install/vehiclemodel/lib/python3.8/site-packages/vehiclemodel
[1.221s] -- Installing: /home/arya/ros2_ws/src/hw4_ws/install/vehiclemodel/lib/python3.8/site-packages/vehiclemodel/__init__.py
[1.221s] -- Installing: /home/arya/ros2_ws/src/hw4_ws/install/vehiclemodel/lib/python3.8/site-packages/vehiclemodel/module_to_import.py
[1.242s] Listing '/home/arya/ros2_ws/src/hw4_ws/install/vehiclemodel/lib/python3.8/site-packages/vehiclemodel'...
[1.242s] Compiling '/home/arya/ros2_ws/src/hw4_ws/install/vehiclemodel/lib/python3.8/site-packages/vehiclemodel/__init__.py'...
[1.242s] Compiling '/home/arya/ros2_ws/src/hw4_ws/install/vehiclemodel/lib/python3.8/site-packages/vehiclemodel/module_to_import.py'...
[1.244s] -- Installing: /home/arya/ros2_ws/src/hw4_ws/install/vehiclemodel/lib/vehiclemodel/utils.py
[1.244s] -- Installing: /home/arya/ros2_ws/src/hw4_ws/install/vehiclemodel/share/ament_index/resource_index/package_run_dependencies/vehiclemodel
[1.244s] -- Installing: /home/arya/ros2_ws/src/hw4_ws/install/vehiclemodel/share/ament_index/resource_index/parent_prefix_path/vehiclemodel
[1.244s] -- Installing: /home/arya/ros2_ws/src/hw4_ws/install/vehiclemodel/share/vehiclemodel/environment/ament_prefix_path.sh
[1.244s] -- Installing: /home/arya/ros2_ws/src/hw4_ws/install/vehiclemodel/share/vehiclemodel/environment/ament_prefix_path.dsv
[1.244s] -- Installing: /home/arya/ros2_ws/src/hw4_ws/install/vehiclemodel/share/vehiclemodel/environment/path.sh
[1.244s] -- Installing: /home/arya/ros2_ws/src/hw4_ws/install/vehiclemodel/share/vehiclemodel/environment/path.dsv
[1.244s] -- Installing: /home/arya/ros2_ws/src/hw4_ws/install/vehiclemodel/share/vehiclemodel/local_setup.bash
[1.245s] -- Installing: /home/arya/ros2_ws/src/hw4_ws/install/vehiclemodel/share/vehiclemodel/local_setup.sh
[1.245s] -- Installing: /home/arya/ros2_ws/src/hw4_ws/install/vehiclemodel/share/vehiclemodel/local_setup.zsh
[1.245s] -- Installing: /home/arya/ros2_ws/src/hw4_ws/install/vehiclemodel/share/vehiclemodel/local_setup.dsv
[1.245s] -- Installing: /home/arya/ros2_ws/src/hw4_ws/install/vehiclemodel/share/vehiclemodel/package.dsv
[1.245s] -- Installing: /home/arya/ros2_ws/src/hw4_ws/install/vehiclemodel/share/ament_index/resource_index/packages/vehiclemodel
[1.245s] -- Installing: /home/arya/ros2_ws/src/hw4_ws/install/vehiclemodel/share/vehiclemodel/cmake/vehiclemodelConfig.cmake
[1.245s] -- Installing: /home/arya/ros2_ws/src/hw4_ws/install/vehiclemodel/share/vehiclemodel/cmake/vehiclemodelConfig-version.cmake
[1.245s] -- Installing: /home/arya/ros2_ws/src/hw4_ws/install/vehiclemodel/share/vehiclemodel/package.xml
[1.248s] Invoked command in '/home/arya/ros2_ws/src/hw4_ws/build/vehiclemodel' returned '0': AMENT_PREFIX_PATH=/home/arya/ros2_ws/src/hw4_ws/install/vehicle_msg:${AMENT_PREFIX_PATH} CMAKE_PREFIX_PATH=/home/arya/ros2_ws/src/hw4_ws/install/vehicle_msg:/opt/ros/foxy LD_LIBRARY_PATH=/home/arya/ros2_ws/src/hw4_ws/install/vehicle_msg/lib:${LD_LIBRARY_PATH} PYTHONPATH=/home/arya/ros2_ws/src/hw4_ws/install/vehicle_msg/lib/python3.8/site-packages:${PYTHONPATH} /usr/bin/cmake --install /home/arya/ros2_ws/src/hw4_ws/build/vehiclemodel
