[0.186s] DEBUG:colcon:Command line arguments: ['/usr/bin/colcon', 'build', '--packages-select', 'vehiclemodel', 'vehicle_msg']
[0.186s] DEBUG:colcon:Parsed command line arguments: Namespace(allow_overriding=[], ament_cmake_args=None, base_paths=['.'], build_base='build', catkin_cmake_args=None, catkin_skip_building_tests=False, cmake_args=None, cmake_clean_cache=False, cmake_clean_first=False, cmake_force_configure=False, cmake_target=None, cmake_target_skip_unavailable=False, continue_on_error=False, event_handlers=None, executor='parallel', ignore_user_meta=False, install_base='install', log_base=None, log_level=None, main=<bound method BuildVerb.main of <colcon_core.verb.build.BuildVerb object at 0x7f6e5737cc10>>, merge_install=False, metas=['./colcon.meta'], mixin=None, mixin_files=None, mixin_verb=('build',), packages_above=None, packages_above_and_dependencies=None, packages_above_depth=None, packages_end=None, packages_ignore=None, packages_ignore_regex=None, packages_select=['vehiclemodel', 'vehicle_msg'], packages_select_build_failed=False, packages_select_by_dep=None, packages_select_regex=None, packages_select_test_failures=False, packages_skip=None, packages_skip_build_finished=False, packages_skip_by_dep=None, packages_skip_regex=None, packages_skip_test_passed=False, packages_skip_up_to=None, packages_start=None, packages_up_to=None, packages_up_to_regex=None, parallel_workers=8, paths=None, symlink_install=False, test_result_base=None, verb_extension=<colcon_core.verb.build.BuildVerb object at 0x7f6e5737cc10>, verb_name='build', verb_parser=<colcon_mixin.mixin.mixin_argument.MixinArgumentDecorator object at 0x7f6e5730b220>)
[0.207s] Level 1:colcon.colcon_core.package_discovery:discover_packages(colcon_meta) check parameters
[0.208s] Level 1:colcon.colcon_core.package_discovery:discover_packages(recursive) check parameters
[0.208s] Level 1:colcon.colcon_core.package_discovery:discover_packages(ignore) check parameters
[0.208s] Level 1:colcon.colcon_core.package_discovery:discover_packages(path) check parameters
[0.208s] Level 1:colcon.colcon_core.package_discovery:discover_packages(colcon_meta) discover
[0.208s] Level 1:colcon.colcon_core.package_discovery:discover_packages(recursive) discover
[0.208s] INFO:colcon.colcon_core.package_discovery:Crawling recursively for packages in '/home/arya/ros2_ws/src/hw4_ws'
[0.208s] Level 1:colcon.colcon_core.package_identification:_identify(.) by extensions ['ignore', 'ignore_ament_install']
[0.208s] Level 1:colcon.colcon_core.package_identification:_identify(.) by extension 'ignore'
[0.208s] Level 1:colcon.colcon_core.package_identification:_identify(.) by extension 'ignore_ament_install'
[0.208s] Level 1:colcon.colcon_core.package_identification:_identify(.) by extensions ['colcon_pkg']
[0.208s] Level 1:colcon.colcon_core.package_identification:_identify(.) by extension 'colcon_pkg'
[0.208s] Level 1:colcon.colcon_core.package_identification:_identify(.) by extensions ['colcon_meta']
[0.208s] Level 1:colcon.colcon_core.package_identification:_identify(.) by extension 'colcon_meta'
[0.208s] Level 1:colcon.colcon_core.package_identification:_identify(.) by extensions ['ros']
[0.208s] Level 1:colcon.colcon_core.package_identification:_identify(.) by extension 'ros'
[0.215s] Level 1:colcon.colcon_core.package_identification:_identify(.) by extensions ['cmake', 'python']
[0.215s] Level 1:colcon.colcon_core.package_identification:_identify(.) by extension 'cmake'
[0.215s] Level 1:colcon.colcon_core.package_identification:_identify(.) by extension 'python'
[0.215s] Level 1:colcon.colcon_core.package_identification:_identify(.) by extensions ['python_setup_py']
[0.215s] Level 1:colcon.colcon_core.package_identification:_identify(.) by extension 'python_setup_py'
[0.216s] Level 1:colcon.colcon_core.package_identification:_identify(build) by extensions ['ignore', 'ignore_ament_install']
[0.216s] Level 1:colcon.colcon_core.package_identification:_identify(build) by extension 'ignore'
[0.216s] Level 1:colcon.colcon_core.package_identification:_identify(build) ignored
[0.216s] Level 1:colcon.colcon_core.package_identification:_identify(install) by extensions ['ignore', 'ignore_ament_install']
[0.216s] Level 1:colcon.colcon_core.package_identification:_identify(install) by extension 'ignore'
[0.216s] Level 1:colcon.colcon_core.package_identification:_identify(install) ignored
[0.216s] Level 1:colcon.colcon_core.package_identification:_identify(log) by extensions ['ignore', 'ignore_ament_install']
[0.216s] Level 1:colcon.colcon_core.package_identification:_identify(log) by extension 'ignore'
[0.216s] Level 1:colcon.colcon_core.package_identification:_identify(log) ignored
[0.216s] Level 1:colcon.colcon_core.package_identification:_identify(src) by extensions ['ignore', 'ignore_ament_install']
[0.216s] Level 1:colcon.colcon_core.package_identification:_identify(src) by extension 'ignore'
[0.216s] Level 1:colcon.colcon_core.package_identification:_identify(src) by extension 'ignore_ament_install'
[0.216s] Level 1:colcon.colcon_core.package_identification:_identify(src) by extensions ['colcon_pkg']
[0.216s] Level 1:colcon.colcon_core.package_identification:_identify(src) by extension 'colcon_pkg'
[0.216s] Level 1:colcon.colcon_core.package_identification:_identify(src) by extensions ['colcon_meta']
[0.216s] Level 1:colcon.colcon_core.package_identification:_identify(src) by extension 'colcon_meta'
[0.216s] Level 1:colcon.colcon_core.package_identification:_identify(src) by extensions ['ros']
[0.216s] Level 1:colcon.colcon_core.package_identification:_identify(src) by extension 'ros'
[0.216s] Level 1:colcon.colcon_core.package_identification:_identify(src) by extensions ['cmake', 'python']
[0.216s] Level 1:colcon.colcon_core.package_identification:_identify(src) by extension 'cmake'
[0.216s] Level 1:colcon.colcon_core.package_identification:_identify(src) by extension 'python'
[0.216s] Level 1:colcon.colcon_core.package_identification:_identify(src) by extensions ['python_setup_py']
[0.216s] Level 1:colcon.colcon_core.package_identification:_identify(src) by extension 'python_setup_py'
[0.216s] Level 1:colcon.colcon_core.package_identification:_identify(src/tmp1_drDC) by extensions ['ignore', 'ignore_ament_install']
[0.216s] Level 1:colcon.colcon_core.package_identification:_identify(src/tmp1_drDC) by extension 'ignore'
[0.216s] Level 1:colcon.colcon_core.package_identification:_identify(src/tmp1_drDC) by extension 'ignore_ament_install'
[0.216s] Level 1:colcon.colcon_core.package_identification:_identify(src/tmp1_drDC) by extensions ['colcon_pkg']
[0.216s] Level 1:colcon.colcon_core.package_identification:_identify(src/tmp1_drDC) by extension 'colcon_pkg'
[0.216s] Level 1:colcon.colcon_core.package_identification:_identify(src/tmp1_drDC) by extensions ['colcon_meta']
[0.216s] Level 1:colcon.colcon_core.package_identification:_identify(src/tmp1_drDC) by extension 'colcon_meta'
[0.217s] Level 1:colcon.colcon_core.package_identification:_identify(src/tmp1_drDC) by extensions ['ros']
[0.217s] Level 1:colcon.colcon_core.package_identification:_identify(src/tmp1_drDC) by extension 'ros'
[0.218s] DEBUG:colcon.colcon_core.package_identification:Package 'src/tmp1_drDC' with type 'ros.catkin' and name 'roboticvehicles'
[0.218s] Level 1:colcon.colcon_core.package_identification:_identify(src/vehicle_msg) by extensions ['ignore', 'ignore_ament_install']
[0.218s] Level 1:colcon.colcon_core.package_identification:_identify(src/vehicle_msg) by extension 'ignore'
[0.218s] Level 1:colcon.colcon_core.package_identification:_identify(src/vehicle_msg) by extension 'ignore_ament_install'
[0.218s] Level 1:colcon.colcon_core.package_identification:_identify(src/vehicle_msg) by extensions ['colcon_pkg']
[0.218s] Level 1:colcon.colcon_core.package_identification:_identify(src/vehicle_msg) by extension 'colcon_pkg'
[0.219s] Level 1:colcon.colcon_core.package_identification:_identify(src/vehicle_msg) by extensions ['colcon_meta']
[0.219s] Level 1:colcon.colcon_core.package_identification:_identify(src/vehicle_msg) by extension 'colcon_meta'
[0.219s] Level 1:colcon.colcon_core.package_identification:_identify(src/vehicle_msg) by extensions ['ros']
[0.219s] Level 1:colcon.colcon_core.package_identification:_identify(src/vehicle_msg) by extension 'ros'
[0.219s] DEBUG:colcon.colcon_core.package_identification:Package 'src/vehicle_msg' with type 'ros.ament_cmake' and name 'vehicle_msg'
[0.219s] Level 1:colcon.colcon_core.package_identification:_identify(src/vehiclemodel) by extensions ['ignore', 'ignore_ament_install']
[0.219s] Level 1:colcon.colcon_core.package_identification:_identify(src/vehiclemodel) by extension 'ignore'
[0.219s] Level 1:colcon.colcon_core.package_identification:_identify(src/vehiclemodel) by extension 'ignore_ament_install'
[0.219s] Level 1:colcon.colcon_core.package_identification:_identify(src/vehiclemodel) by extensions ['colcon_pkg']
[0.219s] Level 1:colcon.colcon_core.package_identification:_identify(src/vehiclemodel) by extension 'colcon_pkg'
[0.219s] Level 1:colcon.colcon_core.package_identification:_identify(src/vehiclemodel) by extensions ['colcon_meta']
[0.219s] Level 1:colcon.colcon_core.package_identification:_identify(src/vehiclemodel) by extension 'colcon_meta'
[0.219s] Level 1:colcon.colcon_core.package_identification:_identify(src/vehiclemodel) by extensions ['ros']
[0.219s] Level 1:colcon.colcon_core.package_identification:_identify(src/vehiclemodel) by extension 'ros'
[0.220s] DEBUG:colcon.colcon_core.package_identification:Package 'src/vehiclemodel' with type 'ros.ament_cmake' and name 'vehiclemodel'
[0.220s] Level 1:colcon.colcon_core.package_discovery:discover_packages(recursive) using defaults
[0.220s] Level 1:colcon.colcon_core.package_discovery:discover_packages(ignore) discover
[0.220s] Level 1:colcon.colcon_core.package_discovery:discover_packages(ignore) using defaults
[0.220s] Level 1:colcon.colcon_core.package_discovery:discover_packages(path) discover
[0.220s] Level 1:colcon.colcon_core.package_discovery:discover_packages(path) using defaults
[0.231s] INFO:colcon.colcon_core.package_selection:Skipping not selected package 'roboticvehicles' in 'src/tmp1_drDC'
[0.231s] Level 1:colcon.colcon_core.package_discovery:discover_packages(prefix_path) check parameters
[0.231s] Level 1:colcon.colcon_core.package_discovery:discover_packages(prefix_path) discover
[0.233s] DEBUG:colcon.colcon_installed_package_information.package_discovery:Found 352 installed packages in /opt/ros/foxy
[0.235s] Level 1:colcon.colcon_core.package_discovery:discover_packages(prefix_path) using defaults
[0.277s] Level 5:colcon.colcon_core.verb:set package 'vehicle_msg' build argument 'cmake_args' from command line to 'None'
[0.277s] Level 5:colcon.colcon_core.verb:set package 'vehicle_msg' build argument 'cmake_target' from command line to 'None'
[0.277s] Level 5:colcon.colcon_core.verb:set package 'vehicle_msg' build argument 'cmake_target_skip_unavailable' from command line to 'False'
[0.277s] Level 5:colcon.colcon_core.verb:set package 'vehicle_msg' build argument 'cmake_clean_cache' from command line to 'False'
[0.277s] Level 5:colcon.colcon_core.verb:set package 'vehicle_msg' build argument 'cmake_clean_first' from command line to 'False'
[0.277s] Level 5:colcon.colcon_core.verb:set package 'vehicle_msg' build argument 'cmake_force_configure' from command line to 'False'
[0.277s] Level 5:colcon.colcon_core.verb:set package 'vehicle_msg' build argument 'ament_cmake_args' from command line to 'None'
[0.277s] Level 5:colcon.colcon_core.verb:set package 'vehicle_msg' build argument 'catkin_cmake_args' from command line to 'None'
[0.277s] Level 5:colcon.colcon_core.verb:set package 'vehicle_msg' build argument 'catkin_skip_building_tests' from command line to 'False'
[0.277s] DEBUG:colcon.colcon_core.verb:Building package 'vehicle_msg' with the following arguments: {'ament_cmake_args': None, 'build_base': '/home/arya/ros2_ws/src/hw4_ws/build/vehicle_msg', 'catkin_cmake_args': None, 'catkin_skip_building_tests': False, 'cmake_args': None, 'cmake_clean_cache': False, 'cmake_clean_first': False, 'cmake_force_configure': False, 'cmake_target': None, 'cmake_target_skip_unavailable': False, 'install_base': '/home/arya/ros2_ws/src/hw4_ws/install/vehicle_msg', 'merge_install': False, 'path': '/home/arya/ros2_ws/src/hw4_ws/src/vehicle_msg', 'symlink_install': False, 'test_result_base': None}
[0.278s] Level 5:colcon.colcon_core.verb:set package 'vehiclemodel' build argument 'cmake_args' from command line to 'None'
[0.278s] Level 5:colcon.colcon_core.verb:set package 'vehiclemodel' build argument 'cmake_target' from command line to 'None'
[0.278s] Level 5:colcon.colcon_core.verb:set package 'vehiclemodel' build argument 'cmake_target_skip_unavailable' from command line to 'False'
[0.278s] Level 5:colcon.colcon_core.verb:set package 'vehiclemodel' build argument 'cmake_clean_cache' from command line to 'False'
[0.278s] Level 5:colcon.colcon_core.verb:set package 'vehiclemodel' build argument 'cmake_clean_first' from command line to 'False'
[0.278s] Level 5:colcon.colcon_core.verb:set package 'vehiclemodel' build argument 'cmake_force_configure' from command line to 'False'
[0.278s] Level 5:colcon.colcon_core.verb:set package 'vehiclemodel' build argument 'ament_cmake_args' from command line to 'None'
[0.278s] Level 5:colcon.colcon_core.verb:set package 'vehiclemodel' build argument 'catkin_cmake_args' from command line to 'None'
[0.278s] Level 5:colcon.colcon_core.verb:set package 'vehiclemodel' build argument 'catkin_skip_building_tests' from command line to 'False'
[0.278s] DEBUG:colcon.colcon_core.verb:Building package 'vehiclemodel' with the following arguments: {'ament_cmake_args': None, 'build_base': '/home/arya/ros2_ws/src/hw4_ws/build/vehiclemodel', 'catkin_cmake_args': None, 'catkin_skip_building_tests': False, 'cmake_args': None, 'cmake_clean_cache': False, 'cmake_clean_first': False, 'cmake_force_configure': False, 'cmake_target': None, 'cmake_target_skip_unavailable': False, 'install_base': '/home/arya/ros2_ws/src/hw4_ws/install/vehiclemodel', 'merge_install': False, 'path': '/home/arya/ros2_ws/src/hw4_ws/src/vehiclemodel', 'symlink_install': False, 'test_result_base': None}
[0.279s] INFO:colcon.colcon_core.executor:Executing jobs using 'parallel' executor
[0.281s] DEBUG:colcon.colcon_parallel_executor.executor.parallel:run_until_complete
[0.281s] INFO:colcon.colcon_ros.task.ament_cmake.build:Building ROS package in '/home/arya/ros2_ws/src/hw4_ws/src/vehicle_msg' with build type 'ament_cmake'
[0.281s] INFO:colcon.colcon_cmake.task.cmake.build:Building CMake package in '/home/arya/ros2_ws/src/hw4_ws/src/vehicle_msg'
[0.283s] INFO:colcon.colcon_core.plugin_system:Skipping extension 'colcon_core.shell.bat': Not used on non-Windows systems
[0.284s] INFO:colcon.colcon_core.shell:Skip shell extension 'powershell' for command environment: Not usable outside of PowerShell
[0.284s] DEBUG:colcon.colcon_core.shell:Skip shell extension 'dsv' for command environment
[0.291s] DEBUG:colcon.colcon_core.event_handler.log_command:Invoking command in '/home/arya/ros2_ws/src/hw4_ws/build/vehicle_msg': CMAKE_PREFIX_PATH=/opt/ros/foxy /usr/bin/cmake /home/arya/ros2_ws/src/hw4_ws/src/vehicle_msg -DCMAKE_INSTALL_PREFIX=/home/arya/ros2_ws/src/hw4_ws/install/vehicle_msg
[1.136s] DEBUG:colcon.colcon_core.event_handler.log_command:Invoked command in '/home/arya/ros2_ws/src/hw4_ws/build/vehicle_msg' returned '0': CMAKE_PREFIX_PATH=/opt/ros/foxy /usr/bin/cmake /home/arya/ros2_ws/src/hw4_ws/src/vehicle_msg -DCMAKE_INSTALL_PREFIX=/home/arya/ros2_ws/src/hw4_ws/install/vehicle_msg
[1.138s] DEBUG:colcon.colcon_core.event_handler.log_command:Invoking command in '/home/arya/ros2_ws/src/hw4_ws/build/vehicle_msg': CMAKE_PREFIX_PATH=/opt/ros/foxy /usr/bin/cmake --build /home/arya/ros2_ws/src/hw4_ws/build/vehicle_msg -- -j8 -l8
[2.964s] DEBUG:colcon.colcon_core.event_handler.log_command:Invoked command in '/home/arya/ros2_ws/src/hw4_ws/build/vehicle_msg' returned '0': CMAKE_PREFIX_PATH=/opt/ros/foxy /usr/bin/cmake --build /home/arya/ros2_ws/src/hw4_ws/build/vehicle_msg -- -j8 -l8
[3.006s] DEBUG:colcon.colcon_core.event_handler.log_command:Invoking command in '/home/arya/ros2_ws/src/hw4_ws/build/vehicle_msg': CMAKE_PREFIX_PATH=/opt/ros/foxy /usr/bin/cmake --install /home/arya/ros2_ws/src/hw4_ws/build/vehicle_msg
[3.044s] Level 1:colcon.colcon_core.environment:create_environment_scripts_only(vehicle_msg)
[3.045s] DEBUG:colcon.colcon_core.event_handler.log_command:Invoked command in '/home/arya/ros2_ws/src/hw4_ws/build/vehicle_msg' returned '0': CMAKE_PREFIX_PATH=/opt/ros/foxy /usr/bin/cmake --install /home/arya/ros2_ws/src/hw4_ws/build/vehicle_msg
[3.048s] Level 1:colcon.colcon_core.environment:checking '/home/arya/ros2_ws/src/hw4_ws/install/vehicle_msg' for CMake module files
[3.048s] Level 1:colcon.colcon_core.environment:checking '/home/arya/ros2_ws/src/hw4_ws/install/vehicle_msg' for CMake config files
[3.049s] Level 1:colcon.colcon_core.shell:create_environment_hook('vehicle_msg', 'cmake_prefix_path')
[3.049s] INFO:colcon.colcon_core.shell:Creating environment hook '/home/arya/ros2_ws/src/hw4_ws/install/vehicle_msg/share/vehicle_msg/hook/cmake_prefix_path.ps1'
[3.050s] INFO:colcon.colcon_core.shell:Creating environment descriptor '/home/arya/ros2_ws/src/hw4_ws/install/vehicle_msg/share/vehicle_msg/hook/cmake_prefix_path.dsv'
[3.050s] INFO:colcon.colcon_core.shell:Creating environment hook '/home/arya/ros2_ws/src/hw4_ws/install/vehicle_msg/share/vehicle_msg/hook/cmake_prefix_path.sh'
[3.051s] Level 1:colcon.colcon_core.environment:checking '/home/arya/ros2_ws/src/hw4_ws/install/vehicle_msg/lib'
[3.051s] Level 1:colcon.colcon_core.shell:create_environment_hook('vehicle_msg', 'ld_library_path_lib')
[3.052s] INFO:colcon.colcon_core.shell:Creating environment hook '/home/arya/ros2_ws/src/hw4_ws/install/vehicle_msg/share/vehicle_msg/hook/ld_library_path_lib.ps1'
[3.052s] INFO:colcon.colcon_core.shell:Creating environment descriptor '/home/arya/ros2_ws/src/hw4_ws/install/vehicle_msg/share/vehicle_msg/hook/ld_library_path_lib.dsv'
[3.052s] INFO:colcon.colcon_core.shell:Creating environment hook '/home/arya/ros2_ws/src/hw4_ws/install/vehicle_msg/share/vehicle_msg/hook/ld_library_path_lib.sh'
[3.052s] Level 1:colcon.colcon_core.environment:checking '/home/arya/ros2_ws/src/hw4_ws/install/vehicle_msg/bin'
[3.052s] Level 1:colcon.colcon_core.environment:checking '/home/arya/ros2_ws/src/hw4_ws/install/vehicle_msg/lib/pkgconfig/vehicle_msg.pc'
[3.052s] Level 1:colcon.colcon_core.environment:checking '/home/arya/ros2_ws/src/hw4_ws/install/vehicle_msg/lib/python3.8/site-packages'
[3.052s] Level 1:colcon.colcon_core.shell:create_environment_hook('vehicle_msg', 'pythonpath')
[3.053s] INFO:colcon.colcon_core.shell:Creating environment hook '/home/arya/ros2_ws/src/hw4_ws/install/vehicle_msg/share/vehicle_msg/hook/pythonpath.ps1'
[3.053s] INFO:colcon.colcon_core.shell:Creating environment descriptor '/home/arya/ros2_ws/src/hw4_ws/install/vehicle_msg/share/vehicle_msg/hook/pythonpath.dsv'
[3.053s] INFO:colcon.colcon_core.shell:Creating environment hook '/home/arya/ros2_ws/src/hw4_ws/install/vehicle_msg/share/vehicle_msg/hook/pythonpath.sh'
[3.054s] Level 1:colcon.colcon_core.environment:checking '/home/arya/ros2_ws/src/hw4_ws/install/vehicle_msg/bin'
[3.054s] INFO:colcon.colcon_core.shell:Creating package script '/home/arya/ros2_ws/src/hw4_ws/install/vehicle_msg/share/vehicle_msg/package.ps1'
[3.055s] INFO:colcon.colcon_core.shell:Creating package descriptor '/home/arya/ros2_ws/src/hw4_ws/install/vehicle_msg/share/vehicle_msg/package.dsv'
[3.055s] INFO:colcon.colcon_core.shell:Creating package script '/home/arya/ros2_ws/src/hw4_ws/install/vehicle_msg/share/vehicle_msg/package.sh'
[3.056s] INFO:colcon.colcon_core.shell:Creating package script '/home/arya/ros2_ws/src/hw4_ws/install/vehicle_msg/share/vehicle_msg/package.bash'
[3.056s] INFO:colcon.colcon_core.shell:Creating package script '/home/arya/ros2_ws/src/hw4_ws/install/vehicle_msg/share/vehicle_msg/package.zsh'
[3.056s] Level 1:colcon.colcon_core.environment:create_file_with_runtime_dependencies(/home/arya/ros2_ws/src/hw4_ws/install/vehicle_msg/share/colcon-core/packages/vehicle_msg)
[3.093s] Level 1:colcon.colcon_core.environment:create_environment_scripts_only(vehicle_msg)
[3.095s] Level 1:colcon.colcon_core.environment:checking '/home/arya/ros2_ws/src/hw4_ws/install/vehicle_msg' for CMake module files
[3.095s] Level 1:colcon.colcon_core.environment:checking '/home/arya/ros2_ws/src/hw4_ws/install/vehicle_msg' for CMake config files
[3.095s] Level 1:colcon.colcon_core.shell:create_environment_hook('vehicle_msg', 'cmake_prefix_path')
[3.096s] INFO:colcon.colcon_core.shell:Creating environment hook '/home/arya/ros2_ws/src/hw4_ws/install/vehicle_msg/share/vehicle_msg/hook/cmake_prefix_path.ps1'
[3.097s] INFO:colcon.colcon_core.shell:Creating environment descriptor '/home/arya/ros2_ws/src/hw4_ws/install/vehicle_msg/share/vehicle_msg/hook/cmake_prefix_path.dsv'
[3.097s] INFO:colcon.colcon_core.shell:Creating environment hook '/home/arya/ros2_ws/src/hw4_ws/install/vehicle_msg/share/vehicle_msg/hook/cmake_prefix_path.sh'
[3.097s] Level 1:colcon.colcon_core.environment:checking '/home/arya/ros2_ws/src/hw4_ws/install/vehicle_msg/lib'
[3.097s] Level 1:colcon.colcon_core.shell:create_environment_hook('vehicle_msg', 'ld_library_path_lib')
[3.098s] INFO:colcon.colcon_core.shell:Creating environment hook '/home/arya/ros2_ws/src/hw4_ws/install/vehicle_msg/share/vehicle_msg/hook/ld_library_path_lib.ps1'
[3.098s] INFO:colcon.colcon_core.shell:Creating environment descriptor '/home/arya/ros2_ws/src/hw4_ws/install/vehicle_msg/share/vehicle_msg/hook/ld_library_path_lib.dsv'
[3.099s] INFO:colcon.colcon_core.shell:Creating environment hook '/home/arya/ros2_ws/src/hw4_ws/install/vehicle_msg/share/vehicle_msg/hook/ld_library_path_lib.sh'
[3.099s] Level 1:colcon.colcon_core.environment:checking '/home/arya/ros2_ws/src/hw4_ws/install/vehicle_msg/bin'
[3.099s] Level 1:colcon.colcon_core.environment:checking '/home/arya/ros2_ws/src/hw4_ws/install/vehicle_msg/lib/pkgconfig/vehicle_msg.pc'
[3.099s] Level 1:colcon.colcon_core.environment:checking '/home/arya/ros2_ws/src/hw4_ws/install/vehicle_msg/lib/python3.8/site-packages'
[3.099s] Level 1:colcon.colcon_core.shell:create_environment_hook('vehicle_msg', 'pythonpath')
[3.100s] INFO:colcon.colcon_core.shell:Creating environment hook '/home/arya/ros2_ws/src/hw4_ws/install/vehicle_msg/share/vehicle_msg/hook/pythonpath.ps1'
[3.100s] INFO:colcon.colcon_core.shell:Creating environment descriptor '/home/arya/ros2_ws/src/hw4_ws/install/vehicle_msg/share/vehicle_msg/hook/pythonpath.dsv'
[3.100s] INFO:colcon.colcon_core.shell:Creating environment hook '/home/arya/ros2_ws/src/hw4_ws/install/vehicle_msg/share/vehicle_msg/hook/pythonpath.sh'
[3.100s] Level 1:colcon.colcon_core.environment:checking '/home/arya/ros2_ws/src/hw4_ws/install/vehicle_msg/bin'
[3.101s] INFO:colcon.colcon_core.shell:Creating package script '/home/arya/ros2_ws/src/hw4_ws/install/vehicle_msg/share/vehicle_msg/package.ps1'
[3.102s] INFO:colcon.colcon_core.shell:Creating package descriptor '/home/arya/ros2_ws/src/hw4_ws/install/vehicle_msg/share/vehicle_msg/package.dsv'
[3.102s] INFO:colcon.colcon_core.shell:Creating package script '/home/arya/ros2_ws/src/hw4_ws/install/vehicle_msg/share/vehicle_msg/package.sh'
[3.102s] INFO:colcon.colcon_core.shell:Creating package script '/home/arya/ros2_ws/src/hw4_ws/install/vehicle_msg/share/vehicle_msg/package.bash'
[3.102s] INFO:colcon.colcon_core.shell:Creating package script '/home/arya/ros2_ws/src/hw4_ws/install/vehicle_msg/share/vehicle_msg/package.zsh'
[3.103s] Level 1:colcon.colcon_core.environment:create_file_with_runtime_dependencies(/home/arya/ros2_ws/src/hw4_ws/install/vehicle_msg/share/colcon-core/packages/vehicle_msg)
[3.103s] INFO:colcon.colcon_ros.task.ament_cmake.build:Building ROS package in '/home/arya/ros2_ws/src/hw4_ws/src/vehiclemodel' with build type 'ament_cmake'
[3.103s] INFO:colcon.colcon_cmake.task.cmake.build:Building CMake package in '/home/arya/ros2_ws/src/hw4_ws/src/vehiclemodel'
[3.104s] INFO:colcon.colcon_core.shell:Skip shell extension 'powershell' for command environment: Not usable outside of PowerShell
[3.104s] DEBUG:colcon.colcon_core.shell:Skip shell extension 'dsv' for command environment
[3.112s] DEBUG:colcon.colcon_core.event_handler.log_command:Invoking command in '/home/arya/ros2_ws/src/hw4_ws/build/vehiclemodel': AMENT_PREFIX_PATH=/home/arya/ros2_ws/src/hw4_ws/install/vehicle_msg:${AMENT_PREFIX_PATH} CMAKE_PREFIX_PATH=/home/arya/ros2_ws/src/hw4_ws/install/vehicle_msg:/opt/ros/foxy LD_LIBRARY_PATH=/home/arya/ros2_ws/src/hw4_ws/install/vehicle_msg/lib:${LD_LIBRARY_PATH} PYTHONPATH=/home/arya/ros2_ws/src/hw4_ws/install/vehicle_msg/lib/python3.8/site-packages:${PYTHONPATH} /usr/bin/cmake /home/arya/ros2_ws/src/hw4_ws/src/vehiclemodel -DCMAKE_INSTALL_PREFIX=/home/arya/ros2_ws/src/hw4_ws/install/vehiclemodel
[4.187s] DEBUG:colcon.colcon_core.event_handler.log_command:Invoked command in '/home/arya/ros2_ws/src/hw4_ws/build/vehiclemodel' returned '0': AMENT_PREFIX_PATH=/home/arya/ros2_ws/src/hw4_ws/install/vehicle_msg:${AMENT_PREFIX_PATH} CMAKE_PREFIX_PATH=/home/arya/ros2_ws/src/hw4_ws/install/vehicle_msg:/opt/ros/foxy LD_LIBRARY_PATH=/home/arya/ros2_ws/src/hw4_ws/install/vehicle_msg/lib:${LD_LIBRARY_PATH} PYTHONPATH=/home/arya/ros2_ws/src/hw4_ws/install/vehicle_msg/lib/python3.8/site-packages:${PYTHONPATH} /usr/bin/cmake /home/arya/ros2_ws/src/hw4_ws/src/vehiclemodel -DCMAKE_INSTALL_PREFIX=/home/arya/ros2_ws/src/hw4_ws/install/vehiclemodel
[4.189s] DEBUG:colcon.colcon_core.event_handler.log_command:Invoking command in '/home/arya/ros2_ws/src/hw4_ws/build/vehiclemodel': AMENT_PREFIX_PATH=/home/arya/ros2_ws/src/hw4_ws/install/vehicle_msg:${AMENT_PREFIX_PATH} CMAKE_PREFIX_PATH=/home/arya/ros2_ws/src/hw4_ws/install/vehicle_msg:/opt/ros/foxy LD_LIBRARY_PATH=/home/arya/ros2_ws/src/hw4_ws/install/vehicle_msg/lib:${LD_LIBRARY_PATH} PYTHONPATH=/home/arya/ros2_ws/src/hw4_ws/install/vehicle_msg/lib/python3.8/site-packages:${PYTHONPATH} /usr/bin/cmake --build /home/arya/ros2_ws/src/hw4_ws/build/vehiclemodel -- -j8 -l8
[4.292s] DEBUG:colcon.colcon_core.event_handler.log_command:Invoked command in '/home/arya/ros2_ws/src/hw4_ws/build/vehiclemodel' returned '0': AMENT_PREFIX_PATH=/home/arya/ros2_ws/src/hw4_ws/install/vehicle_msg:${AMENT_PREFIX_PATH} CMAKE_PREFIX_PATH=/home/arya/ros2_ws/src/hw4_ws/install/vehicle_msg:/opt/ros/foxy LD_LIBRARY_PATH=/home/arya/ros2_ws/src/hw4_ws/install/vehicle_msg/lib:${LD_LIBRARY_PATH} PYTHONPATH=/home/arya/ros2_ws/src/hw4_ws/install/vehicle_msg/lib/python3.8/site-packages:${PYTHONPATH} /usr/bin/cmake --build /home/arya/ros2_ws/src/hw4_ws/build/vehiclemodel -- -j8 -l8
[4.316s] DEBUG:colcon.colcon_core.event_handler.log_command:Invoking command in '/home/arya/ros2_ws/src/hw4_ws/build/vehiclemodel': AMENT_PREFIX_PATH=/home/arya/ros2_ws/src/hw4_ws/install/vehicle_msg:${AMENT_PREFIX_PATH} CMAKE_PREFIX_PATH=/home/arya/ros2_ws/src/hw4_ws/install/vehicle_msg:/opt/ros/foxy LD_LIBRARY_PATH=/home/arya/ros2_ws/src/hw4_ws/install/vehicle_msg/lib:${LD_LIBRARY_PATH} PYTHONPATH=/home/arya/ros2_ws/src/hw4_ws/install/vehicle_msg/lib/python3.8/site-packages:${PYTHONPATH} /usr/bin/cmake --install /home/arya/ros2_ws/src/hw4_ws/build/vehiclemodel
[4.351s] Level 1:colcon.colcon_core.environment:create_environment_scripts_only(vehiclemodel)
[4.353s] Level 1:colcon.colcon_core.environment:checking '/home/arya/ros2_ws/src/hw4_ws/install/vehiclemodel' for CMake module files
[4.353s] DEBUG:colcon.colcon_core.event_handler.log_command:Invoked command in '/home/arya/ros2_ws/src/hw4_ws/build/vehiclemodel' returned '0': AMENT_PREFIX_PATH=/home/arya/ros2_ws/src/hw4_ws/install/vehicle_msg:${AMENT_PREFIX_PATH} CMAKE_PREFIX_PATH=/home/arya/ros2_ws/src/hw4_ws/install/vehicle_msg:/opt/ros/foxy LD_LIBRARY_PATH=/home/arya/ros2_ws/src/hw4_ws/install/vehicle_msg/lib:${LD_LIBRARY_PATH} PYTHONPATH=/home/arya/ros2_ws/src/hw4_ws/install/vehicle_msg/lib/python3.8/site-packages:${PYTHONPATH} /usr/bin/cmake --install /home/arya/ros2_ws/src/hw4_ws/build/vehiclemodel
[4.354s] Level 1:colcon.colcon_core.environment:checking '/home/arya/ros2_ws/src/hw4_ws/install/vehiclemodel' for CMake config files
[4.354s] Level 1:colcon.colcon_core.shell:create_environment_hook('vehiclemodel', 'cmake_prefix_path')
[4.355s] INFO:colcon.colcon_core.shell:Creating environment hook '/home/arya/ros2_ws/src/hw4_ws/install/vehiclemodel/share/vehiclemodel/hook/cmake_prefix_path.ps1'
[4.355s] INFO:colcon.colcon_core.shell:Creating environment descriptor '/home/arya/ros2_ws/src/hw4_ws/install/vehiclemodel/share/vehiclemodel/hook/cmake_prefix_path.dsv'
[4.355s] INFO:colcon.colcon_core.shell:Creating environment hook '/home/arya/ros2_ws/src/hw4_ws/install/vehiclemodel/share/vehiclemodel/hook/cmake_prefix_path.sh'
[4.355s] Level 1:colcon.colcon_core.environment:checking '/home/arya/ros2_ws/src/hw4_ws/install/vehiclemodel/lib'
[4.355s] Level 1:colcon.colcon_core.environment:checking '/home/arya/ros2_ws/src/hw4_ws/install/vehiclemodel/bin'
[4.355s] Level 1:colcon.colcon_core.environment:checking '/home/arya/ros2_ws/src/hw4_ws/install/vehiclemodel/lib/pkgconfig/vehiclemodel.pc'
[4.356s] Level 1:colcon.colcon_core.environment:checking '/home/arya/ros2_ws/src/hw4_ws/install/vehiclemodel/lib/python3.8/site-packages'
[4.356s] Level 1:colcon.colcon_core.shell:create_environment_hook('vehiclemodel', 'pythonpath')
[4.356s] INFO:colcon.colcon_core.shell:Creating environment hook '/home/arya/ros2_ws/src/hw4_ws/install/vehiclemodel/share/vehiclemodel/hook/pythonpath.ps1'
[4.356s] INFO:colcon.colcon_core.shell:Creating environment descriptor '/home/arya/ros2_ws/src/hw4_ws/install/vehiclemodel/share/vehiclemodel/hook/pythonpath.dsv'
[4.357s] INFO:colcon.colcon_core.shell:Creating environment hook '/home/arya/ros2_ws/src/hw4_ws/install/vehiclemodel/share/vehiclemodel/hook/pythonpath.sh'
[4.357s] Level 1:colcon.colcon_core.environment:checking '/home/arya/ros2_ws/src/hw4_ws/install/vehiclemodel/bin'
[4.358s] INFO:colcon.colcon_core.shell:Creating package script '/home/arya/ros2_ws/src/hw4_ws/install/vehiclemodel/share/vehiclemodel/package.ps1'
[4.358s] INFO:colcon.colcon_core.shell:Creating package descriptor '/home/arya/ros2_ws/src/hw4_ws/install/vehiclemodel/share/vehiclemodel/package.dsv'
[4.358s] INFO:colcon.colcon_core.shell:Creating package script '/home/arya/ros2_ws/src/hw4_ws/install/vehiclemodel/share/vehiclemodel/package.sh'
[4.358s] INFO:colcon.colcon_core.shell:Creating package script '/home/arya/ros2_ws/src/hw4_ws/install/vehiclemodel/share/vehiclemodel/package.bash'
[4.358s] INFO:colcon.colcon_core.shell:Creating package script '/home/arya/ros2_ws/src/hw4_ws/install/vehiclemodel/share/vehiclemodel/package.zsh'
[4.359s] Level 1:colcon.colcon_core.environment:create_file_with_runtime_dependencies(/home/arya/ros2_ws/src/hw4_ws/install/vehiclemodel/share/colcon-core/packages/vehiclemodel)
[4.374s] Level 1:colcon.colcon_core.environment:create_environment_scripts_only(vehiclemodel)
[4.376s] Level 1:colcon.colcon_core.environment:checking '/home/arya/ros2_ws/src/hw4_ws/install/vehiclemodel' for CMake module files
[4.376s] Level 1:colcon.colcon_core.environment:checking '/home/arya/ros2_ws/src/hw4_ws/install/vehiclemodel' for CMake config files
[4.376s] Level 1:colcon.colcon_core.shell:create_environment_hook('vehiclemodel', 'cmake_prefix_path')
[4.377s] INFO:colcon.colcon_core.shell:Creating environment hook '/home/arya/ros2_ws/src/hw4_ws/install/vehiclemodel/share/vehiclemodel/hook/cmake_prefix_path.ps1'
[4.377s] INFO:colcon.colcon_core.shell:Creating environment descriptor '/home/arya/ros2_ws/src/hw4_ws/install/vehiclemodel/share/vehiclemodel/hook/cmake_prefix_path.dsv'
[4.378s] INFO:colcon.colcon_core.shell:Creating environment hook '/home/arya/ros2_ws/src/hw4_ws/install/vehiclemodel/share/vehiclemodel/hook/cmake_prefix_path.sh'
[4.378s] Level 1:colcon.colcon_core.environment:checking '/home/arya/ros2_ws/src/hw4_ws/install/vehiclemodel/lib'
[4.378s] Level 1:colcon.colcon_core.environment:checking '/home/arya/ros2_ws/src/hw4_ws/install/vehiclemodel/bin'
[4.378s] Level 1:colcon.colcon_core.environment:checking '/home/arya/ros2_ws/src/hw4_ws/install/vehiclemodel/lib/pkgconfig/vehiclemodel.pc'
[4.378s] Level 1:colcon.colcon_core.environment:checking '/home/arya/ros2_ws/src/hw4_ws/install/vehiclemodel/lib/python3.8/site-packages'
[4.378s] Level 1:colcon.colcon_core.shell:create_environment_hook('vehiclemodel', 'pythonpath')
[4.379s] INFO:colcon.colcon_core.shell:Creating environment hook '/home/arya/ros2_ws/src/hw4_ws/install/vehiclemodel/share/vehiclemodel/hook/pythonpath.ps1'
[4.379s] INFO:colcon.colcon_core.shell:Creating environment descriptor '/home/arya/ros2_ws/src/hw4_ws/install/vehiclemodel/share/vehiclemodel/hook/pythonpath.dsv'
[4.379s] INFO:colcon.colcon_core.shell:Creating environment hook '/home/arya/ros2_ws/src/hw4_ws/install/vehiclemodel/share/vehiclemodel/hook/pythonpath.sh'
[4.380s] Level 1:colcon.colcon_core.environment:checking '/home/arya/ros2_ws/src/hw4_ws/install/vehiclemodel/bin'
[4.380s] INFO:colcon.colcon_core.shell:Creating package script '/home/arya/ros2_ws/src/hw4_ws/install/vehiclemodel/share/vehiclemodel/package.ps1'
[4.381s] INFO:colcon.colcon_core.shell:Creating package descriptor '/home/arya/ros2_ws/src/hw4_ws/install/vehiclemodel/share/vehiclemodel/package.dsv'
[4.381s] INFO:colcon.colcon_core.shell:Creating package script '/home/arya/ros2_ws/src/hw4_ws/install/vehiclemodel/share/vehiclemodel/package.sh'
[4.381s] INFO:colcon.colcon_core.shell:Creating package script '/home/arya/ros2_ws/src/hw4_ws/install/vehiclemodel/share/vehiclemodel/package.bash'
[4.381s] INFO:colcon.colcon_core.shell:Creating package script '/home/arya/ros2_ws/src/hw4_ws/install/vehiclemodel/share/vehiclemodel/package.zsh'
[4.382s] Level 1:colcon.colcon_core.environment:create_file_with_runtime_dependencies(/home/arya/ros2_ws/src/hw4_ws/install/vehiclemodel/share/colcon-core/packages/vehiclemodel)
[4.382s] DEBUG:colcon.colcon_parallel_executor.executor.parallel:closing loop
[4.382s] DEBUG:colcon.colcon_parallel_executor.executor.parallel:loop closed
[4.382s] DEBUG:colcon.colcon_parallel_executor.executor.parallel:run_until_complete finished with '0'
[4.382s] DEBUG:colcon.colcon_core.event_reactor:joining thread
[4.386s] INFO:colcon.colcon_core.plugin_system:Skipping extension 'colcon_notification.desktop_notification.terminal_notifier': Not used on non-Darwin systems
[4.386s] INFO:colcon.colcon_core.plugin_system:Skipping extension 'colcon_notification.desktop_notification.win32': Not used on non-Windows systems
[4.386s] INFO:colcon.colcon_notification.desktop_notification:Sending desktop notification using 'notify2'
[4.397s] DEBUG:colcon.colcon_core.event_reactor:joined thread
[4.398s] INFO:colcon.colcon_core.shell:Creating prefix script '/home/arya/ros2_ws/src/hw4_ws/install/local_setup.ps1'
[4.399s] INFO:colcon.colcon_core.shell:Creating prefix util module '/home/arya/ros2_ws/src/hw4_ws/install/_local_setup_util_ps1.py'
[4.400s] INFO:colcon.colcon_core.shell:Creating prefix chain script '/home/arya/ros2_ws/src/hw4_ws/install/setup.ps1'
[4.400s] INFO:colcon.colcon_core.shell:Creating prefix script '/home/arya/ros2_ws/src/hw4_ws/install/local_setup.sh'
[4.401s] INFO:colcon.colcon_core.shell:Creating prefix util module '/home/arya/ros2_ws/src/hw4_ws/install/_local_setup_util_sh.py'
[4.401s] INFO:colcon.colcon_core.shell:Creating prefix chain script '/home/arya/ros2_ws/src/hw4_ws/install/setup.sh'
[4.402s] INFO:colcon.colcon_core.shell:Creating prefix script '/home/arya/ros2_ws/src/hw4_ws/install/local_setup.bash'
[4.402s] INFO:colcon.colcon_core.shell:Creating prefix chain script '/home/arya/ros2_ws/src/hw4_ws/install/setup.bash'
[4.403s] INFO:colcon.colcon_core.shell:Creating prefix script '/home/arya/ros2_ws/src/hw4_ws/install/local_setup.zsh'
[4.403s] INFO:colcon.colcon_core.shell:Creating prefix chain script '/home/arya/ros2_ws/src/hw4_ws/install/setup.zsh'
