[0.010s] Invoking command in '/home/arya/ros2_ws/src/hw4_ws/build/vehicle_msg': CMAKE_PREFIX_PATH=/opt/ros/foxy /usr/bin/cmake /home/arya/ros2_ws/src/hw4_ws/src/vehicle_msg -DCMAKE_INSTALL_PREFIX=/home/arya/ros2_ws/src/hw4_ws/install/vehicle_msg
[0.045s] -- The C compiler identification is GNU 9.4.0
[0.081s] -- The CXX compiler identification is GNU 9.4.0
[0.084s] -- Check for working C compiler: /usr/bin/cc
[0.138s] -- Check for working C compiler: /usr/bin/cc -- works
[0.139s] -- Detecting C compiler ABI info
[0.184s] -- Detecting C compiler ABI info - done
[0.191s] -- Detecting C compile features
[0.191s] -- Detecting C compile features - done
[0.193s] -- Check for working CXX compiler: /usr/bin/c++
[0.256s] -- Check for working CXX compiler: /usr/bin/c++ -- works
[0.256s] -- Detecting CXX compiler ABI info
[0.318s] -- Detecting CXX compiler ABI info - done
[0.325s] -- Detecting CXX compile features
[0.325s] -- Detecting CXX compile features - done
[0.327s] -- Found ament_cmake: 0.9.11 (/opt/ros/foxy/share/ament_cmake/cmake)
[0.343s] -- Found PythonInterp: /usr/bin/python3 (found suitable version "3.8.10", minimum required is "3") 
[0.343s] -- Using PYTHON_EXECUTABLE: /usr/bin/python3
[0.461s] -- Found rosidl_default_generators: 1.0.1 (/opt/ros/foxy/share/rosidl_default_generators/cmake)
[0.462s] -- Using all available rosidl_typesupport_c: rosidl_typesupport_fastrtps_c;rosidl_typesupport_introspection_c
[0.466s] -- Found rosidl_adapter: 1.3.0 (/opt/ros/foxy/share/rosidl_adapter/cmake)
[0.521s] -- Found OpenSSL: /usr/lib/x86_64-linux-gnu/libcrypto.so (found version "1.1.1f")  
[0.540s] -- Found FastRTPS: /opt/ros/foxy/include  
[0.587s] -- Using all available rosidl_typesupport_cpp: rosidl_typesupport_fastrtps_cpp;rosidl_typesupport_introspection_cpp
[0.616s] -- Found PythonInterp: /usr/bin/python3 (found version "3.8.10") 
[0.687s] -- Found ament_cmake_ros: 0.9.2 (/opt/ros/foxy/share/ament_cmake_ros/cmake)
[0.747s] -- Using all available rosidl_typesupport_c: rosidl_typesupport_fastrtps_c;rosidl_typesupport_introspection_c
[0.751s] -- Using all available rosidl_typesupport_cpp: rosidl_typesupport_fastrtps_cpp;rosidl_typesupport_introspection_cpp
[0.764s] -- Found PythonInterp: /usr/bin/python3 (found suitable version "3.8.10", minimum required is "3.5") 
[0.765s] -- Found python_cmake_module: 0.8.1 (/opt/ros/foxy/share/python_cmake_module/cmake)
[0.781s] -- Found PythonLibs: /usr/lib/x86_64-linux-gnu/libpython3.8.so (found suitable version "3.8.10", minimum required is "3.5") 
[0.781s] -- Using PYTHON_EXECUTABLE: /usr/bin/python3
[0.781s] -- Using PYTHON_INCLUDE_DIRS: /usr/include/python3.8
[0.781s] -- Using PYTHON_LIBRARIES: /usr/lib/x86_64-linux-gnu/libpython3.8.so
[0.794s] -- Found PythonExtra: .so  
[0.817s] -- Found ament_lint_auto: 0.9.8 (/opt/ros/foxy/share/ament_lint_auto/cmake)
[0.829s] -- Added test 'copyright' to check source files copyright and LICENSE
[0.830s] -- Added test 'lint_cmake' to check CMake code style
[0.831s] -- Added test 'xmllint' to check XML markup files
[0.833s] -- Configuring done
[0.849s] -- Generating done
[0.850s] -- Build files have been written to: /home/arya/ros2_ws/src/hw4_ws/build/vehicle_msg
[0.855s] Invoked command in '/home/arya/ros2_ws/src/hw4_ws/build/vehicle_msg' returned '0': CMAKE_PREFIX_PATH=/opt/ros/foxy /usr/bin/cmake /home/arya/ros2_ws/src/hw4_ws/src/vehicle_msg -DCMAKE_INSTALL_PREFIX=/home/arya/ros2_ws/src/hw4_ws/install/vehicle_msg
[0.857s] Invoking command in '/home/arya/ros2_ws/src/hw4_ws/build/vehicle_msg': CMAKE_PREFIX_PATH=/opt/ros/foxy /usr/bin/cmake --build /home/arya/ros2_ws/src/hw4_ws/build/vehicle_msg -- -j8 -l8
[0.883s] [35m[1mScanning dependencies of target vehicle_msg__cpp[0m
[0.883s] [  2%] [34m[1mGenerating C code for ROS interfaces[0m
[0.889s] [  5%] [34m[1mGenerating C++ code for ROS interfaces[0m
[1.055s] [  5%] Built target vehicle_msg__cpp
[1.064s] [ 12%] [34m[1mGenerating C++ type support dispatch for ROS interfaces[0m
[1.064s] [ 12%] [34m[1mGenerating C++ introspection for ROS interfaces[0m
[1.064s] [ 12%] [34m[1mGenerating C++ type support for eProsima Fast-RTPS[0m
[1.077s] [35m[1mScanning dependencies of target vehicle_msg__rosidl_generator_c[0m
[1.085s] [ 15%] [32mBuilding C object CMakeFiles/vehicle_msg__rosidl_generator_c.dir/rosidl_generator_c/vehicle_msg/msg/detail/vehicle_input__functions.c.o[0m
[1.087s] [ 17%] [32mBuilding C object CMakeFiles/vehicle_msg__rosidl_generator_c.dir/rosidl_generator_c/vehicle_msg/msg/detail/vehiclepose__functions.c.o[0m
[1.128s] [ 20%] [32m[1mLinking C shared library libvehicle_msg__rosidl_generator_c.so[0m
[1.150s] [ 20%] Built target vehicle_msg__rosidl_generator_c
[1.157s] [ 23%] [34m[1mGenerating C type support dispatch for ROS interfaces[0m
[1.159s] [ 25%] [34m[1mGenerating C introspection for ROS interfaces[0m
[1.246s] [35m[1mScanning dependencies of target vehicle_msg__rosidl_typesupport_cpp[0m
[1.247s] [35m[1mScanning dependencies of target vehicle_msg__rosidl_typesupport_introspection_cpp[0m
[1.254s] [ 28%] [32mBuilding CXX object CMakeFiles/vehicle_msg__rosidl_typesupport_cpp.dir/rosidl_typesupport_cpp/vehicle_msg/msg/vehiclepose__type_support.cpp.o[0m
[1.254s] [35m[1mScanning dependencies of target vehicle_msg__rosidl_typesupport_fastrtps_cpp[0m
[1.254s] [ 30%] [32mBuilding CXX object CMakeFiles/vehicle_msg__rosidl_typesupport_introspection_cpp.dir/rosidl_typesupport_introspection_cpp/vehicle_msg/msg/detail/vehiclepose__type_support.cpp.o[0m
[1.255s] [ 33%] [32mBuilding CXX object CMakeFiles/vehicle_msg__rosidl_typesupport_cpp.dir/rosidl_typesupport_cpp/vehicle_msg/msg/vehicle_input__type_support.cpp.o[0m
[1.262s] [ 35%] [32mBuilding CXX object CMakeFiles/vehicle_msg__rosidl_typesupport_introspection_cpp.dir/rosidl_typesupport_introspection_cpp/vehicle_msg/msg/detail/vehicle_input__type_support.cpp.o[0m
[1.267s] [ 38%] [32mBuilding CXX object CMakeFiles/vehicle_msg__rosidl_typesupport_fastrtps_cpp.dir/rosidl_typesupport_fastrtps_cpp/vehicle_msg/msg/detail/dds_fastrtps/vehiclepose__type_support.cpp.o[0m
[1.268s] [ 41%] [32mBuilding CXX object CMakeFiles/vehicle_msg__rosidl_typesupport_fastrtps_cpp.dir/rosidl_typesupport_fastrtps_cpp/vehicle_msg/msg/detail/dds_fastrtps/vehicle_input__type_support.cpp.o[0m
[1.437s] [35m[1mScanning dependencies of target vehicle_msg__rosidl_typesupport_c[0m
[1.450s] [ 43%] [32mBuilding CXX object CMakeFiles/vehicle_msg__rosidl_typesupport_c.dir/rosidl_typesupport_c/vehicle_msg/msg/vehiclepose__type_support.cpp.o[0m
[1.480s] [ 46%] [32mBuilding CXX object CMakeFiles/vehicle_msg__rosidl_typesupport_c.dir/rosidl_typesupport_c/vehicle_msg/msg/vehicle_input__type_support.cpp.o[0m
[1.483s] [35m[1mScanning dependencies of target vehicle_msg__rosidl_typesupport_introspection_c[0m
[1.495s] [ 48%] [32mBuilding C object CMakeFiles/vehicle_msg__rosidl_typesupport_introspection_c.dir/rosidl_typesupport_introspection_c/vehicle_msg/msg/detail/vehiclepose__type_support.c.o[0m
[1.509s] [ 51%] [32m[1mLinking CXX shared library libvehicle_msg__rosidl_typesupport_c.so[0m
[1.529s] [ 53%] [32mBuilding C object CMakeFiles/vehicle_msg__rosidl_typesupport_introspection_c.dir/rosidl_typesupport_introspection_c/vehicle_msg/msg/detail/vehicle_input__type_support.c.o[0m
[1.548s] [ 53%] Built target vehicle_msg__rosidl_typesupport_c
[1.554s] [ 56%] [32m[1mLinking C shared library libvehicle_msg__rosidl_typesupport_introspection_c.so[0m
[1.558s] [ 58%] [32m[1mLinking CXX shared library libvehicle_msg__rosidl_typesupport_cpp.so[0m
[1.562s] [ 61%] [32m[1mLinking CXX shared library libvehicle_msg__rosidl_typesupport_introspection_cpp.so[0m
[1.573s] [ 61%] Built target vehicle_msg__rosidl_typesupport_introspection_c
[1.583s] [ 61%] Built target vehicle_msg__rosidl_typesupport_cpp
[1.588s] [ 61%] Built target vehicle_msg__rosidl_typesupport_introspection_cpp
[1.660s] [ 64%] [32m[1mLinking CXX shared library libvehicle_msg__rosidl_typesupport_fastrtps_cpp.so[0m
[1.711s] [ 64%] Built target vehicle_msg__rosidl_typesupport_fastrtps_cpp
[1.717s] [ 66%] [34m[1mGenerating C type support for eProsima Fast-RTPS[0m
[1.871s] [35m[1mScanning dependencies of target vehicle_msg__rosidl_typesupport_fastrtps_c[0m
[1.881s] [ 71%] [32mBuilding CXX object CMakeFiles/vehicle_msg__rosidl_typesupport_fastrtps_c.dir/rosidl_typesupport_fastrtps_c/vehicle_msg/msg/detail/vehiclepose__type_support_c.cpp.o[0m
[1.881s] [ 71%] [32mBuilding CXX object CMakeFiles/vehicle_msg__rosidl_typesupport_fastrtps_c.dir/rosidl_typesupport_fastrtps_c/vehicle_msg/msg/detail/vehicle_input__type_support_c.cpp.o[0m
[2.075s] [ 74%] [32m[1mLinking CXX shared library libvehicle_msg__rosidl_typesupport_fastrtps_c.so[0m
[2.128s] [ 74%] Built target vehicle_msg__rosidl_typesupport_fastrtps_c
[2.134s] [35m[1mScanning dependencies of target vehicle_msg[0m
[2.141s] [ 74%] Built target vehicle_msg
[2.147s] [35m[1mScanning dependencies of target vehicle_msg__py[0m
[2.154s] [ 76%] [34m[1mGenerating Python code for ROS interfaces[0m
[2.469s] [ 76%] Built target vehicle_msg__py
[2.476s] [35m[1mScanning dependencies of target vehicle_msg__python[0m
[2.488s] [ 79%] [32mBuilding C object CMakeFiles/vehicle_msg__python.dir/rosidl_generator_py/vehicle_msg/msg/_vehicle_input_s.c.o[0m
[2.488s] [ 82%] [32mBuilding C object CMakeFiles/vehicle_msg__python.dir/rosidl_generator_py/vehicle_msg/msg/_vehiclepose_s.c.o[0m
[2.540s] [ 84%] [32m[1mLinking C shared library rosidl_generator_py/vehicle_msg/libvehicle_msg__python.so[0m
[2.564s] [ 84%] Built target vehicle_msg__python
[2.571s] [35m[1mScanning dependencies of target vehicle_msg__rosidl_typesupport_fastrtps_c__pyext[0m
[2.571s] [35m[1mScanning dependencies of target vehicle_msg__rosidl_typesupport_c__pyext[0m
[2.571s] [35m[1mScanning dependencies of target vehicle_msg__rosidl_typesupport_introspection_c__pyext[0m
[2.582s] [ 87%] [32mBuilding C object CMakeFiles/vehicle_msg__rosidl_typesupport_c__pyext.dir/rosidl_generator_py/vehicle_msg/_vehicle_msg_s.ep.rosidl_typesupport_c.c.o[0m
[2.583s] [ 92%] [32mBuilding C object CMakeFiles/vehicle_msg__rosidl_typesupport_introspection_c__pyext.dir/rosidl_generator_py/vehicle_msg/_vehicle_msg_s.ep.rosidl_typesupport_introspection_c.c.o[0m
[2.583s] [ 92%] [32mBuilding C object CMakeFiles/vehicle_msg__rosidl_typesupport_fastrtps_c__pyext.dir/rosidl_generator_py/vehicle_msg/_vehicle_msg_s.ep.rosidl_typesupport_fastrtps_c.c.o[0m
[2.634s] [ 94%] [32m[1mLinking C shared library rosidl_generator_py/vehicle_msg/vehicle_msg_s__rosidl_typesupport_c.cpython-38-x86_64-linux-gnu.so[0m
[2.634s] [ 97%] [32m[1mLinking C shared library rosidl_generator_py/vehicle_msg/vehicle_msg_s__rosidl_typesupport_introspection_c.cpython-38-x86_64-linux-gnu.so[0m
[2.636s] [100%] [32m[1mLinking CXX shared library rosidl_generator_py/vehicle_msg/vehicle_msg_s__rosidl_typesupport_fastrtps_c.cpython-38-x86_64-linux-gnu.so[0m
[2.656s] [100%] Built target vehicle_msg__rosidl_typesupport_introspection_c__pyext
[2.656s] [100%] Built target vehicle_msg__rosidl_typesupport_c__pyext
[2.675s] [100%] Built target vehicle_msg__rosidl_typesupport_fastrtps_c__pyext
[2.683s] Invoked command in '/home/arya/ros2_ws/src/hw4_ws/build/vehicle_msg' returned '0': CMAKE_PREFIX_PATH=/opt/ros/foxy /usr/bin/cmake --build /home/arya/ros2_ws/src/hw4_ws/build/vehicle_msg -- -j8 -l8
[2.725s] Invoking command in '/home/arya/ros2_ws/src/hw4_ws/build/vehicle_msg': CMAKE_PREFIX_PATH=/opt/ros/foxy /usr/bin/cmake --install /home/arya/ros2_ws/src/hw4_ws/build/vehicle_msg
[2.731s] -- Install configuration: ""
[2.731s] -- Installing: /home/arya/ros2_ws/src/hw4_ws/install/vehicle_msg/share/ament_index/resource_index/rosidl_interfaces/vehicle_msg
[2.731s] -- Installing: /home/arya/ros2_ws/src/hw4_ws/install/vehicle_msg/include/vehicle_msg
[2.731s] -- Installing: /home/arya/ros2_ws/src/hw4_ws/install/vehicle_msg/include/vehicle_msg/msg
[2.731s] -- Installing: /home/arya/ros2_ws/src/hw4_ws/install/vehicle_msg/include/vehicle_msg/msg/rosidl_generator_c__visibility_control.h
[2.732s] -- Installing: /home/arya/ros2_ws/src/hw4_ws/install/vehicle_msg/include/vehicle_msg/msg/vehiclepose.h
[2.732s] -- Installing: /home/arya/ros2_ws/src/hw4_ws/install/vehicle_msg/include/vehicle_msg/msg/detail
[2.732s] -- Installing: /home/arya/ros2_ws/src/hw4_ws/install/vehicle_msg/include/vehicle_msg/msg/detail/vehicle_input__struct.h
[2.732s] -- Installing: /home/arya/ros2_ws/src/hw4_ws/install/vehicle_msg/include/vehicle_msg/msg/detail/vehicle_input__functions.c
[2.732s] -- Installing: /home/arya/ros2_ws/src/hw4_ws/install/vehicle_msg/include/vehicle_msg/msg/detail/vehiclepose__type_support.h
[2.732s] -- Installing: /home/arya/ros2_ws/src/hw4_ws/install/vehicle_msg/include/vehicle_msg/msg/detail/vehicle_input__functions.h
[2.732s] -- Installing: /home/arya/ros2_ws/src/hw4_ws/install/vehicle_msg/include/vehicle_msg/msg/detail/vehiclepose__functions.h
[2.732s] -- Installing: /home/arya/ros2_ws/src/hw4_ws/install/vehicle_msg/include/vehicle_msg/msg/detail/vehiclepose__functions.c
[2.732s] -- Installing: /home/arya/ros2_ws/src/hw4_ws/install/vehicle_msg/include/vehicle_msg/msg/detail/vehicle_input__type_support.h
[2.732s] -- Installing: /home/arya/ros2_ws/src/hw4_ws/install/vehicle_msg/include/vehicle_msg/msg/detail/vehiclepose__struct.h
[2.732s] -- Installing: /home/arya/ros2_ws/src/hw4_ws/install/vehicle_msg/include/vehicle_msg/msg/vehicle_input.h
[2.732s] -- Installing: /home/arya/ros2_ws/src/hw4_ws/install/vehicle_msg/share/vehicle_msg/environment/library_path.sh
[2.732s] -- Installing: /home/arya/ros2_ws/src/hw4_ws/install/vehicle_msg/share/vehicle_msg/environment/library_path.dsv
[2.732s] -- Installing: /home/arya/ros2_ws/src/hw4_ws/install/vehicle_msg/lib/libvehicle_msg__rosidl_generator_c.so
[2.733s] -- Set runtime path of "/home/arya/ros2_ws/src/hw4_ws/install/vehicle_msg/lib/libvehicle_msg__rosidl_generator_c.so" to ""
[2.733s] -- Up-to-date: /home/arya/ros2_ws/src/hw4_ws/install/vehicle_msg/include/vehicle_msg
[2.733s] -- Up-to-date: /home/arya/ros2_ws/src/hw4_ws/install/vehicle_msg/include/vehicle_msg/msg
[2.733s] -- Installing: /home/arya/ros2_ws/src/hw4_ws/install/vehicle_msg/include/vehicle_msg/msg/rosidl_typesupport_fastrtps_c__visibility_control.h
[2.733s] -- Up-to-date: /home/arya/ros2_ws/src/hw4_ws/install/vehicle_msg/include/vehicle_msg/msg/detail
[2.733s] -- Installing: /home/arya/ros2_ws/src/hw4_ws/install/vehicle_msg/include/vehicle_msg/msg/detail/vehicle_input__rosidl_typesupport_fastrtps_c.h
[2.733s] -- Installing: /home/arya/ros2_ws/src/hw4_ws/install/vehicle_msg/include/vehicle_msg/msg/detail/vehiclepose__rosidl_typesupport_fastrtps_c.h
[2.733s] -- Installing: /home/arya/ros2_ws/src/hw4_ws/install/vehicle_msg/lib/libvehicle_msg__rosidl_typesupport_fastrtps_c.so
[2.733s] -- Set runtime path of "/home/arya/ros2_ws/src/hw4_ws/install/vehicle_msg/lib/libvehicle_msg__rosidl_typesupport_fastrtps_c.so" to ""
[2.733s] -- Up-to-date: /home/arya/ros2_ws/src/hw4_ws/install/vehicle_msg/include/vehicle_msg
[2.733s] -- Up-to-date: /home/arya/ros2_ws/src/hw4_ws/install/vehicle_msg/include/vehicle_msg/msg
[2.733s] -- Up-to-date: /home/arya/ros2_ws/src/hw4_ws/install/vehicle_msg/include/vehicle_msg/msg/detail
[2.733s] -- Installing: /home/arya/ros2_ws/src/hw4_ws/install/vehicle_msg/include/vehicle_msg/msg/detail/dds_fastrtps
[2.733s] -- Installing: /home/arya/ros2_ws/src/hw4_ws/install/vehicle_msg/include/vehicle_msg/msg/detail/vehiclepose__rosidl_typesupport_fastrtps_cpp.hpp
[2.733s] -- Installing: /home/arya/ros2_ws/src/hw4_ws/install/vehicle_msg/include/vehicle_msg/msg/detail/vehicle_input__rosidl_typesupport_fastrtps_cpp.hpp
[2.733s] -- Installing: /home/arya/ros2_ws/src/hw4_ws/install/vehicle_msg/include/vehicle_msg/msg/rosidl_typesupport_fastrtps_cpp__visibility_control.h
[2.733s] -- Installing: /home/arya/ros2_ws/src/hw4_ws/install/vehicle_msg/lib/libvehicle_msg__rosidl_typesupport_fastrtps_cpp.so
[2.734s] -- Set runtime path of "/home/arya/ros2_ws/src/hw4_ws/install/vehicle_msg/lib/libvehicle_msg__rosidl_typesupport_fastrtps_cpp.so" to ""
[2.734s] -- Up-to-date: /home/arya/ros2_ws/src/hw4_ws/install/vehicle_msg/include/vehicle_msg
[2.734s] -- Up-to-date: /home/arya/ros2_ws/src/hw4_ws/install/vehicle_msg/include/vehicle_msg/msg
[2.734s] -- Installing: /home/arya/ros2_ws/src/hw4_ws/install/vehicle_msg/include/vehicle_msg/msg/rosidl_typesupport_introspection_c__visibility_control.h
[2.734s] -- Up-to-date: /home/arya/ros2_ws/src/hw4_ws/install/vehicle_msg/include/vehicle_msg/msg/detail
[2.734s] -- Installing: /home/arya/ros2_ws/src/hw4_ws/install/vehicle_msg/include/vehicle_msg/msg/detail/vehiclepose__rosidl_typesupport_introspection_c.h
[2.734s] -- Installing: /home/arya/ros2_ws/src/hw4_ws/install/vehicle_msg/include/vehicle_msg/msg/detail/vehiclepose__type_support.c
[2.734s] -- Installing: /home/arya/ros2_ws/src/hw4_ws/install/vehicle_msg/include/vehicle_msg/msg/detail/vehicle_input__rosidl_typesupport_introspection_c.h
[2.734s] -- Installing: /home/arya/ros2_ws/src/hw4_ws/install/vehicle_msg/include/vehicle_msg/msg/detail/vehicle_input__type_support.c
[2.734s] -- Installing: /home/arya/ros2_ws/src/hw4_ws/install/vehicle_msg/lib/libvehicle_msg__rosidl_typesupport_introspection_c.so
[2.734s] -- Set runtime path of "/home/arya/ros2_ws/src/hw4_ws/install/vehicle_msg/lib/libvehicle_msg__rosidl_typesupport_introspection_c.so" to ""
[2.734s] -- Installing: /home/arya/ros2_ws/src/hw4_ws/install/vehicle_msg/lib/libvehicle_msg__rosidl_typesupport_c.so
[2.734s] -- Set runtime path of "/home/arya/ros2_ws/src/hw4_ws/install/vehicle_msg/lib/libvehicle_msg__rosidl_typesupport_c.so" to ""
[2.735s] -- Up-to-date: /home/arya/ros2_ws/src/hw4_ws/install/vehicle_msg/include/vehicle_msg
[2.735s] -- Up-to-date: /home/arya/ros2_ws/src/hw4_ws/install/vehicle_msg/include/vehicle_msg/msg
[2.735s] -- Installing: /home/arya/ros2_ws/src/hw4_ws/install/vehicle_msg/include/vehicle_msg/msg/vehicle_input.hpp
[2.735s] -- Up-to-date: /home/arya/ros2_ws/src/hw4_ws/install/vehicle_msg/include/vehicle_msg/msg/detail
[2.735s] -- Installing: /home/arya/ros2_ws/src/hw4_ws/install/vehicle_msg/include/vehicle_msg/msg/detail/vehicle_input__builder.hpp
[2.735s] -- Installing: /home/arya/ros2_ws/src/hw4_ws/install/vehicle_msg/include/vehicle_msg/msg/detail/vehicle_input__struct.hpp
[2.735s] -- Installing: /home/arya/ros2_ws/src/hw4_ws/install/vehicle_msg/include/vehicle_msg/msg/detail/vehicle_input__traits.hpp
[2.735s] -- Installing: /home/arya/ros2_ws/src/hw4_ws/install/vehicle_msg/include/vehicle_msg/msg/detail/vehiclepose__traits.hpp
[2.735s] -- Installing: /home/arya/ros2_ws/src/hw4_ws/install/vehicle_msg/include/vehicle_msg/msg/detail/vehiclepose__builder.hpp
[2.735s] -- Installing: /home/arya/ros2_ws/src/hw4_ws/install/vehicle_msg/include/vehicle_msg/msg/detail/vehiclepose__struct.hpp
[2.735s] -- Installing: /home/arya/ros2_ws/src/hw4_ws/install/vehicle_msg/include/vehicle_msg/msg/vehiclepose.hpp
[2.735s] -- Up-to-date: /home/arya/ros2_ws/src/hw4_ws/install/vehicle_msg/include/vehicle_msg
[2.735s] -- Up-to-date: /home/arya/ros2_ws/src/hw4_ws/install/vehicle_msg/include/vehicle_msg/msg
[2.735s] -- Up-to-date: /home/arya/ros2_ws/src/hw4_ws/install/vehicle_msg/include/vehicle_msg/msg/detail
[2.735s] -- Installing: /home/arya/ros2_ws/src/hw4_ws/install/vehicle_msg/include/vehicle_msg/msg/detail/vehicle_input__type_support.cpp
[2.735s] -- Installing: /home/arya/ros2_ws/src/hw4_ws/install/vehicle_msg/include/vehicle_msg/msg/detail/vehiclepose__type_support.cpp
[2.735s] -- Installing: /home/arya/ros2_ws/src/hw4_ws/install/vehicle_msg/include/vehicle_msg/msg/detail/vehicle_input__rosidl_typesupport_introspection_cpp.hpp
[2.735s] -- Installing: /home/arya/ros2_ws/src/hw4_ws/install/vehicle_msg/include/vehicle_msg/msg/detail/vehiclepose__rosidl_typesupport_introspection_cpp.hpp
[2.735s] -- Installing: /home/arya/ros2_ws/src/hw4_ws/install/vehicle_msg/lib/libvehicle_msg__rosidl_typesupport_introspection_cpp.so
[2.736s] -- Set runtime path of "/home/arya/ros2_ws/src/hw4_ws/install/vehicle_msg/lib/libvehicle_msg__rosidl_typesupport_introspection_cpp.so" to ""
[2.736s] -- Installing: /home/arya/ros2_ws/src/hw4_ws/install/vehicle_msg/lib/libvehicle_msg__rosidl_typesupport_cpp.so
[2.736s] -- Set runtime path of "/home/arya/ros2_ws/src/hw4_ws/install/vehicle_msg/lib/libvehicle_msg__rosidl_typesupport_cpp.so" to ""
[2.736s] -- Installing: /home/arya/ros2_ws/src/hw4_ws/install/vehicle_msg/share/vehicle_msg/environment/pythonpath.sh
[2.736s] -- Installing: /home/arya/ros2_ws/src/hw4_ws/install/vehicle_msg/share/vehicle_msg/environment/pythonpath.dsv
[2.736s] -- Installing: /home/arya/ros2_ws/src/hw4_ws/install/vehicle_msg/lib/python3.8/site-packages/vehicle_msg/__init__.py
[2.755s] Compiling '/home/arya/ros2_ws/src/hw4_ws/install/vehicle_msg/lib/python3.8/site-packages/vehicle_msg/__init__.py'...
[2.757s] -- Installing: /home/arya/ros2_ws/src/hw4_ws/install/vehicle_msg/lib/python3.8/site-packages/vehicle_msg/msg
[2.757s] -- Installing: /home/arya/ros2_ws/src/hw4_ws/install/vehicle_msg/lib/python3.8/site-packages/vehicle_msg/msg/_vehiclepose.py
[2.757s] -- Installing: /home/arya/ros2_ws/src/hw4_ws/install/vehicle_msg/lib/python3.8/site-packages/vehicle_msg/msg/_vehicle_input.py
[2.757s] -- Installing: /home/arya/ros2_ws/src/hw4_ws/install/vehicle_msg/lib/python3.8/site-packages/vehicle_msg/msg/_vehiclepose_s.c
[2.757s] -- Installing: /home/arya/ros2_ws/src/hw4_ws/install/vehicle_msg/lib/python3.8/site-packages/vehicle_msg/msg/__init__.py
[2.757s] -- Installing: /home/arya/ros2_ws/src/hw4_ws/install/vehicle_msg/lib/python3.8/site-packages/vehicle_msg/msg/_vehicle_input_s.c
[2.758s] -- Installing: /home/arya/ros2_ws/src/hw4_ws/install/vehicle_msg/lib/python3.8/site-packages/vehicle_msg/vehicle_msg_s__rosidl_typesupport_fastrtps_c.cpython-38-x86_64-linux-gnu.so
[2.758s] -- Set runtime path of "/home/arya/ros2_ws/src/hw4_ws/install/vehicle_msg/lib/python3.8/site-packages/vehicle_msg/vehicle_msg_s__rosidl_typesupport_fastrtps_c.cpython-38-x86_64-linux-gnu.so" to ""
[2.758s] -- Installing: /home/arya/ros2_ws/src/hw4_ws/install/vehicle_msg/lib/python3.8/site-packages/vehicle_msg/vehicle_msg_s__rosidl_typesupport_introspection_c.cpython-38-x86_64-linux-gnu.so
[2.758s] -- Set runtime path of "/home/arya/ros2_ws/src/hw4_ws/install/vehicle_msg/lib/python3.8/site-packages/vehicle_msg/vehicle_msg_s__rosidl_typesupport_introspection_c.cpython-38-x86_64-linux-gnu.so" to ""
[2.758s] -- Installing: /home/arya/ros2_ws/src/hw4_ws/install/vehicle_msg/lib/python3.8/site-packages/vehicle_msg/vehicle_msg_s__rosidl_typesupport_c.cpython-38-x86_64-linux-gnu.so
[2.759s] -- Set runtime path of "/home/arya/ros2_ws/src/hw4_ws/install/vehicle_msg/lib/python3.8/site-packages/vehicle_msg/vehicle_msg_s__rosidl_typesupport_c.cpython-38-x86_64-linux-gnu.so" to ""
[2.759s] -- Installing: /home/arya/ros2_ws/src/hw4_ws/install/vehicle_msg/lib/libvehicle_msg__python.so
[2.759s] -- Set runtime path of "/home/arya/ros2_ws/src/hw4_ws/install/vehicle_msg/lib/libvehicle_msg__python.so" to ""
[2.759s] -- Installing: /home/arya/ros2_ws/src/hw4_ws/install/vehicle_msg/share/vehicle_msg/msg/Vehiclepose.idl
[2.759s] -- Installing: /home/arya/ros2_ws/src/hw4_ws/install/vehicle_msg/share/vehicle_msg/msg/VehicleInput.idl
[2.759s] -- Installing: /home/arya/ros2_ws/src/hw4_ws/install/vehicle_msg/share/vehicle_msg/msg/Vehiclepose.msg
[2.759s] -- Installing: /home/arya/ros2_ws/src/hw4_ws/install/vehicle_msg/share/vehicle_msg/msg/VehicleInput.msg
[2.759s] -- Installing: /home/arya/ros2_ws/src/hw4_ws/install/vehicle_msg/share/ament_index/resource_index/package_run_dependencies/vehicle_msg
[2.759s] -- Installing: /home/arya/ros2_ws/src/hw4_ws/install/vehicle_msg/share/ament_index/resource_index/parent_prefix_path/vehicle_msg
[2.759s] -- Installing: /home/arya/ros2_ws/src/hw4_ws/install/vehicle_msg/share/vehicle_msg/environment/ament_prefix_path.sh
[2.760s] -- Installing: /home/arya/ros2_ws/src/hw4_ws/install/vehicle_msg/share/vehicle_msg/environment/ament_prefix_path.dsv
[2.760s] -- Installing: /home/arya/ros2_ws/src/hw4_ws/install/vehicle_msg/share/vehicle_msg/environment/path.sh
[2.760s] -- Installing: /home/arya/ros2_ws/src/hw4_ws/install/vehicle_msg/share/vehicle_msg/environment/path.dsv
[2.760s] -- Installing: /home/arya/ros2_ws/src/hw4_ws/install/vehicle_msg/share/vehicle_msg/local_setup.bash
[2.760s] -- Installing: /home/arya/ros2_ws/src/hw4_ws/install/vehicle_msg/share/vehicle_msg/local_setup.sh
[2.760s] -- Installing: /home/arya/ros2_ws/src/hw4_ws/install/vehicle_msg/share/vehicle_msg/local_setup.zsh
[2.760s] -- Installing: /home/arya/ros2_ws/src/hw4_ws/install/vehicle_msg/share/vehicle_msg/local_setup.dsv
[2.760s] -- Installing: /home/arya/ros2_ws/src/hw4_ws/install/vehicle_msg/share/vehicle_msg/package.dsv
[2.760s] -- Installing: /home/arya/ros2_ws/src/hw4_ws/install/vehicle_msg/share/ament_index/resource_index/packages/vehicle_msg
[2.760s] -- Installing: /home/arya/ros2_ws/src/hw4_ws/install/vehicle_msg/share/vehicle_msg/cmake/vehicle_msg__rosidl_generator_cExport.cmake
[2.760s] -- Installing: /home/arya/ros2_ws/src/hw4_ws/install/vehicle_msg/share/vehicle_msg/cmake/vehicle_msg__rosidl_generator_cExport-noconfig.cmake
[2.760s] -- Installing: /home/arya/ros2_ws/src/hw4_ws/install/vehicle_msg/share/vehicle_msg/cmake/vehicle_msg__rosidl_typesupport_introspection_cExport.cmake
[2.761s] -- Installing: /home/arya/ros2_ws/src/hw4_ws/install/vehicle_msg/share/vehicle_msg/cmake/vehicle_msg__rosidl_typesupport_introspection_cExport-noconfig.cmake
[2.761s] -- Installing: /home/arya/ros2_ws/src/hw4_ws/install/vehicle_msg/share/vehicle_msg/cmake/vehicle_msg__rosidl_typesupport_cExport.cmake
[2.761s] -- Installing: /home/arya/ros2_ws/src/hw4_ws/install/vehicle_msg/share/vehicle_msg/cmake/vehicle_msg__rosidl_typesupport_cExport-noconfig.cmake
[2.761s] -- Installing: /home/arya/ros2_ws/src/hw4_ws/install/vehicle_msg/share/vehicle_msg/cmake/vehicle_msg__rosidl_generator_cppExport.cmake
[2.761s] -- Installing: /home/arya/ros2_ws/src/hw4_ws/install/vehicle_msg/share/vehicle_msg/cmake/vehicle_msg__rosidl_typesupport_introspection_cppExport.cmake
[2.761s] -- Installing: /home/arya/ros2_ws/src/hw4_ws/install/vehicle_msg/share/vehicle_msg/cmake/vehicle_msg__rosidl_typesupport_introspection_cppExport-noconfig.cmake
[2.761s] -- Installing: /home/arya/ros2_ws/src/hw4_ws/install/vehicle_msg/share/vehicle_msg/cmake/vehicle_msg__rosidl_typesupport_cppExport.cmake
[2.761s] -- Installing: /home/arya/ros2_ws/src/hw4_ws/install/vehicle_msg/share/vehicle_msg/cmake/vehicle_msg__rosidl_typesupport_cppExport-noconfig.cmake
[2.761s] -- Installing: /home/arya/ros2_ws/src/hw4_ws/install/vehicle_msg/share/vehicle_msg/cmake/rosidl_cmake-extras.cmake
[2.761s] -- Installing: /home/arya/ros2_ws/src/hw4_ws/install/vehicle_msg/share/vehicle_msg/cmake/ament_cmake_export_dependencies-extras.cmake
[2.761s] -- Installing: /home/arya/ros2_ws/src/hw4_ws/install/vehicle_msg/share/vehicle_msg/cmake/ament_cmake_export_libraries-extras.cmake
[2.761s] -- Installing: /home/arya/ros2_ws/src/hw4_ws/install/vehicle_msg/share/vehicle_msg/cmake/ament_cmake_export_targets-extras.cmake
[2.762s] -- Installing: /home/arya/ros2_ws/src/hw4_ws/install/vehicle_msg/share/vehicle_msg/cmake/ament_cmake_export_include_directories-extras.cmake
[2.762s] -- Installing: /home/arya/ros2_ws/src/hw4_ws/install/vehicle_msg/share/vehicle_msg/cmake/rosidl_cmake_export_typesupport_libraries-extras.cmake
[2.762s] -- Installing: /home/arya/ros2_ws/src/hw4_ws/install/vehicle_msg/share/vehicle_msg/cmake/rosidl_cmake_export_typesupport_targets-extras.cmake
[2.762s] -- Installing: /home/arya/ros2_ws/src/hw4_ws/install/vehicle_msg/share/vehicle_msg/cmake/vehicle_msgConfig.cmake
[2.762s] -- Installing: /home/arya/ros2_ws/src/hw4_ws/install/vehicle_msg/share/vehicle_msg/cmake/vehicle_msgConfig-version.cmake
[2.762s] -- Installing: /home/arya/ros2_ws/src/hw4_ws/install/vehicle_msg/share/vehicle_msg/package.xml
[2.764s] Invoked command in '/home/arya/ros2_ws/src/hw4_ws/build/vehicle_msg' returned '0': CMAKE_PREFIX_PATH=/opt/ros/foxy /usr/bin/cmake --install /home/arya/ros2_ws/src/hw4_ws/build/vehicle_msg
